<?xml version="1.0" encoding="UTF-8"?>
<!DOCTYPE coverage SYSTEM "https://raw.githubusercontent.com/cobertura/cobertura/master/cobertura/src/site/htdocs/xml/coverage-04.dtd">
<coverage line-rate="0.922962962962963" branch-rate="0" lines-covered="623" lines-valid="675" branches-covered="0" branches-valid="0" complexity="0" version="3.6.5" timestamp="2026-07-01 16:51:57.937048">
  <sources>
    <source>/__w/rtables.officer/rtables.officer/rtables.officer</source>
  </sources>
  <packages>
    <package name="rtables.officer" line-rate="0.922962962962963" branch-rate="0" complexity="0">
      <classes>
        <class name="add_flextable_separators.R" filename="R/add_flextable_separators.R" line-rate="0.833333333333333" branch-rate="0" complexity="0">
          <methods>
            <method name="add_flextable_separators" signature="" line-rate="0.833333333333333" branch-rate="0" complexity="0">
              <lines>
                <line number="51" hits="9" branch="false"/>
                <line number="52" hits="1" branch="false"/>
                <line number="54" hits="8" branch="false"/>
                <line number="57" hits="7" branch="false"/>
                <line number="60" hits="7" branch="false"/>
                <line number="61" hits="0" branch="false"/>
                <line number="62" hits="0" branch="false"/>
                <line number="63" hits="0" branch="false"/>
                <line number="64" hits="0" branch="false"/>
                <line number="65" hits="0" branch="false"/>
                <line number="66" hits="0" branch="false"/>
                <line number="68" hits="0" branch="false"/>
                <line number="72" hits="7" branch="false"/>
                <line number="73" hits="1" branch="false"/>
                <line number="74" hits="1" branch="false"/>
                <line number="75" hits="1" branch="false"/>
                <line number="76" hits="1" branch="false"/>
                <line number="77" hits="1" branch="false"/>
                <line number="81" hits="6" branch="false"/>
                <line number="83" hits="6" branch="false"/>
                <line number="84" hits="6" branch="false"/>
                <line number="86" hits="6" branch="false"/>
                <line number="87" hits="1" branch="false"/>
                <line number="88" hits="1" branch="false"/>
                <line number="89" hits="1" branch="false"/>
                <line number="90" hits="1" branch="false"/>
                <line number="91" hits="1" branch="false"/>
                <line number="92" hits="1" branch="false"/>
                <line number="93" hits="1" branch="false"/>
                <line number="94" hits="1" branch="false"/>
                <line number="95" hits="1" branch="false"/>
                <line number="99" hits="5" branch="false"/>
                <line number="100" hits="1" branch="false"/>
                <line number="105" hits="4" branch="false"/>
                <line number="106" hits="64" branch="false"/>
                <line number="109" hits="64" branch="false"/>
                <line number="110" hits="50" branch="false"/>
                <line number="114" hits="14" branch="false"/>
                <line number="116" hits="2" branch="false"/>
                <line number="117" hits="12" branch="false"/>
                <line number="120" hits="12" branch="false"/>
                <line number="126" hits="4" branch="false"/>
              </lines>
            </method>
          </methods>
          <lines>
            <line number="51" hits="9" branch="false"/>
            <line number="52" hits="1" branch="false"/>
            <line number="54" hits="8" branch="false"/>
            <line number="57" hits="7" branch="false"/>
            <line number="60" hits="7" branch="false"/>
            <line number="61" hits="0" branch="false"/>
            <line number="62" hits="0" branch="false"/>
            <line number="63" hits="0" branch="false"/>
            <line number="64" hits="0" branch="false"/>
            <line number="65" hits="0" branch="false"/>
            <line number="66" hits="0" branch="false"/>
            <line number="68" hits="0" branch="false"/>
            <line number="72" hits="7" branch="false"/>
            <line number="73" hits="1" branch="false"/>
            <line number="74" hits="1" branch="false"/>
            <line number="75" hits="1" branch="false"/>
            <line number="76" hits="1" branch="false"/>
            <line number="77" hits="1" branch="false"/>
            <line number="81" hits="6" branch="false"/>
            <line number="83" hits="6" branch="false"/>
            <line number="84" hits="6" branch="false"/>
            <line number="86" hits="6" branch="false"/>
            <line number="87" hits="1" branch="false"/>
            <line number="88" hits="1" branch="false"/>
            <line number="89" hits="1" branch="false"/>
            <line number="90" hits="1" branch="false"/>
            <line number="91" hits="1" branch="false"/>
            <line number="92" hits="1" branch="false"/>
            <line number="93" hits="1" branch="false"/>
            <line number="94" hits="1" branch="false"/>
            <line number="95" hits="1" branch="false"/>
            <line number="99" hits="5" branch="false"/>
            <line number="100" hits="1" branch="false"/>
            <line number="105" hits="4" branch="false"/>
            <line number="106" hits="64" branch="false"/>
            <line number="109" hits="64" branch="false"/>
            <line number="110" hits="50" branch="false"/>
            <line number="114" hits="14" branch="false"/>
            <line number="116" hits="2" branch="false"/>
            <line number="117" hits="12" branch="false"/>
            <line number="120" hits="12" branch="false"/>
            <line number="126" hits="4" branch="false"/>
          </lines>
        </class>
        <class name="apply_styling.R" filename="R/apply_styling.R" line-rate="1" branch-rate="0" complexity="0">
          <methods>
            <method name="apply_alignments" signature="" line-rate="1" branch-rate="0" complexity="0">
              <lines>
                <line number="21" hits="77" branch="false"/>
                <line number="22" hits="76" branch="false"/>
                <line number="23" hits="76" branch="false"/>
                <line number="24" hits="75" branch="false"/>
                <line number="25" hits="74" branch="false"/>
                <line number="28" hits="74" branch="false"/>
                <line number="31" hits="74" branch="false"/>
                <line number="32" hits="132" branch="false"/>
                <line number="33" hits="132" branch="false"/>
                <line number="34" hits="132" branch="false"/>
                <line number="35" hits="132" branch="false"/>
                <line number="36" hits="286" branch="false"/>
                <line number="37" hits="286" branch="false"/>
                <line number="38" hits="286" branch="false"/>
                <line number="39" hits="286" branch="false"/>
                <line number="40" hits="286" branch="false"/>
                <line number="41" hits="286" branch="false"/>
                <line number="42" hits="286" branch="false"/>
                <line number="43" hits="286" branch="false"/>
                <line number="47" hits="74" branch="false"/>
              </lines>
            </method>
            <method name="apply_bold_manual" signature="" line-rate="1" branch-rate="0" complexity="0">
              <lines>
                <line number="71" hits="36" branch="false"/>
                <line number="72" hits="30" branch="false"/>
                <line number="74" hits="6" branch="false"/>
                <line number="75" hits="5" branch="false"/>
                <line number="76" hits="5" branch="false"/>
                <line number="77" hits="5" branch="false"/>
                <line number="78" hits="4" branch="false"/>
                <line number="79" hits="6" branch="false"/>
                <line number="80" hits="6" branch="false"/>
                <line number="81" hits="6" branch="false"/>
                <line number="82" hits="1" branch="false"/>
                <line number="83" hits="1" branch="false"/>
                <line number="84" hits="1" branch="false"/>
                <line number="85" hits="1" branch="false"/>
                <line number="87" hits="5" branch="false"/>
                <line number="88" hits="5" branch="false"/>
                <line number="89" hits="5" branch="false"/>
                <line number="90" hits="5" branch="false"/>
                <line number="93" hits="2" branch="false"/>
              </lines>
            </method>
          </methods>
          <lines>
            <line number="21" hits="77" branch="false"/>
            <line number="22" hits="76" branch="false"/>
            <line number="23" hits="76" branch="false"/>
            <line number="24" hits="75" branch="false"/>
            <line number="25" hits="74" branch="false"/>
            <line number="28" hits="74" branch="false"/>
            <line number="31" hits="74" branch="false"/>
            <line number="32" hits="132" branch="false"/>
            <line number="33" hits="132" branch="false"/>
            <line number="34" hits="132" branch="false"/>
            <line number="35" hits="132" branch="false"/>
            <line number="36" hits="286" branch="false"/>
            <line number="37" hits="286" branch="false"/>
            <line number="38" hits="286" branch="false"/>
            <line number="39" hits="286" branch="false"/>
            <line number="40" hits="286" branch="false"/>
            <line number="41" hits="286" branch="false"/>
            <line number="42" hits="286" branch="false"/>
            <line number="43" hits="286" branch="false"/>
            <line number="47" hits="74" branch="false"/>
            <line number="71" hits="36" branch="false"/>
            <line number="72" hits="30" branch="false"/>
            <line number="74" hits="6" branch="false"/>
            <line number="75" hits="5" branch="false"/>
            <line number="76" hits="5" branch="false"/>
            <line number="77" hits="5" branch="false"/>
            <line number="78" hits="4" branch="false"/>
            <line number="79" hits="6" branch="false"/>
            <line number="80" hits="6" branch="false"/>
            <line number="81" hits="6" branch="false"/>
            <line number="82" hits="1" branch="false"/>
            <line number="83" hits="1" branch="false"/>
            <line number="84" hits="1" branch="false"/>
            <line number="85" hits="1" branch="false"/>
            <line number="87" hits="5" branch="false"/>
            <line number="88" hits="5" branch="false"/>
            <line number="89" hits="5" branch="false"/>
            <line number="90" hits="5" branch="false"/>
            <line number="93" hits="2" branch="false"/>
          </lines>
        </class>
        <class name="as_flextable.R" filename="R/as_flextable.R" line-rate="0.969230769230769" branch-rate="0" complexity="0">
          <methods>
            <method name="tt_to_flextable" signature="" line-rate="0.958762886597938" branch-rate="0" complexity="0">
              <lines>
                <line number="123" hits="40" branch="false"/>
                <line number="124" hits="0" branch="false"/>
                <line number="126" hits="40" branch="false"/>
                <line number="127" hits="0" branch="false"/>
                <line number="129" hits="40" branch="false"/>
                <line number="130" hits="40" branch="false"/>
                <line number="131" hits="40" branch="false"/>
                <line number="132" hits="40" branch="false"/>
                <line number="133" hits="40" branch="false"/>
                <line number="134" hits="40" branch="false"/>
                <line number="135" hits="40" branch="false"/>
                <line number="136" hits="40" branch="false"/>
                <line number="137" hits="3" branch="false"/>
                <line number="140" hits="40" branch="false"/>
                <line number="143" hits="40" branch="false"/>
                <line number="146" hits="4" branch="false"/>
                <line number="149" hits="4" branch="false"/>
                <line number="152" hits="4" branch="false"/>
                <line number="155" hits="4" branch="false"/>
                <line number="156" hits="4" branch="false"/>
                <line number="157" hits="4" branch="false"/>
                <line number="158" hits="4" branch="false"/>
                <line number="159" hits="4" branch="false"/>
                <line number="162" hits="4" branch="false"/>
                <line number="163" hits="4" branch="false"/>
                <line number="164" hits="4" branch="false"/>
                <line number="165" hits="4" branch="false"/>
                <line number="166" hits="4" branch="false"/>
                <line number="167" hits="4" branch="false"/>
                <line number="169" hits="4" branch="false"/>
                <line number="171" hits="4" branch="false"/>
                <line number="172" hits="1" branch="false"/>
                <line number="176" hits="3" branch="false"/>
                <line number="177" hits="3" branch="false"/>
                <line number="178" hits="3" branch="false"/>
                <line number="179" hits="3" branch="false"/>
                <line number="180" hits="3" branch="false"/>
                <line number="181" hits="3" branch="false"/>
                <line number="184" hits="3" branch="false"/>
                <line number="185" hits="3" branch="false"/>
                <line number="186" hits="3" branch="false"/>
                <line number="187" hits="3" branch="false"/>
                <line number="188" hits="0" branch="false"/>
                <line number="189" hits="3" branch="false"/>
                <line number="190" hits="3" branch="false"/>
                <line number="191" hits="3" branch="false"/>
                <line number="192" hits="3" branch="false"/>
                <line number="193" hits="3" branch="false"/>
                <line number="196" hits="3" branch="false"/>
                <line number="197" hits="3" branch="false"/>
                <line number="198" hits="3" branch="false"/>
                <line number="199" hits="3" branch="false"/>
                <line number="200" hits="3" branch="false"/>
                <line number="201" hits="3" branch="false"/>
                <line number="202" hits="3" branch="false"/>
                <line number="206" hits="36" branch="false"/>
                <line number="207" hits="36" branch="false"/>
                <line number="208" hits="36" branch="false"/>
                <line number="209" hits="36" branch="false"/>
                <line number="210" hits="36" branch="false"/>
                <line number="211" hits="36" branch="false"/>
                <line number="214" hits="36" branch="false"/>
                <line number="215" hits="0" branch="false"/>
                <line number="217" hits="0" branch="false"/>
                <line number="218" hits="0" branch="false"/>
                <line number="219" hits="0" branch="false"/>
                <line number="223" hits="36" branch="false"/>
                <line number="226" hits="36" branch="false"/>
                <line number="228" hits="36" branch="false"/>
                <line number="230" hits="36" branch="false"/>
                <line number="233" hits="36" branch="false"/>
                <line number="236" hits="36" branch="false"/>
                <line number="237" hits="17" branch="false"/>
                <line number="238" hits="17" branch="false"/>
                <line number="239" hits="17" branch="false"/>
                <line number="240" hits="17" branch="false"/>
                <line number="241" hits="13" branch="false"/>
                <line number="242" hits="23" branch="false"/>
                <line number="243" hits="23" branch="false"/>
                <line number="245" hits="23" branch="false"/>
                <line number="246" hits="18" branch="false"/>
                <line number="247" hits="23" branch="false"/>
                <line number="248" hits="5" branch="false"/>
                <line number="249" hits="23" branch="false"/>
                <line number="252" hits="23" branch="false"/>
                <line number="253" hits="23" branch="false"/>
                <line number="254" hits="23" branch="false"/>
                <line number="255" hits="23" branch="false"/>
                <line number="256" hits="23" branch="false"/>
                <line number="259" hits="23" branch="false"/>
                <line number="262" hits="23" branch="false"/>
                <line number="263" hits="23" branch="false"/>
                <line number="264" hits="10" branch="false"/>
                <line number="265" hits="10" branch="false"/>
                <line number="266" hits="10" branch="false"/>
                <line number="267" hits="10" branch="false"/>
                <line number="268" hits="10" branch="false"/>
                <line number="269" hits="10" branch="false"/>
                <line number="270" hits="10" branch="false"/>
                <line number="271" hits="10" branch="false"/>
                <line number="272" hits="10" branch="false"/>
                <line number="273" hits="10" branch="false"/>
                <line number="274" hits="10" branch="false"/>
                <line number="275" hits="10" branch="false"/>
                <line number="279" hits="23" branch="false"/>
                <line number="280" hits="22" branch="false"/>
                <line number="281" hits="22" branch="false"/>
                <line number="282" hits="22" branch="false"/>
                <line number="283" hits="22" branch="false"/>
                <line number="284" hits="22" branch="false"/>
                <line number="286" hits="22" branch="false"/>
                <line number="287" hits="22" branch="false"/>
                <line number="294" hits="36" branch="false"/>
                <line number="296" hits="36" branch="false"/>
                <line number="297" hits="36" branch="false"/>
                <line number="298" hits="36" branch="false"/>
                <line number="299" hits="36" branch="false"/>
                <line number="300" hits="36" branch="false"/>
                <line number="301" hits="36" branch="false"/>
                <line number="302" hits="36" branch="false"/>
                <line number="305" hits="36" branch="false"/>
                <line number="306" hits="15" branch="false"/>
                <line number="307" hits="25" branch="false"/>
                <line number="308" hits="25" branch="false"/>
                <line number="309" hits="25" branch="false"/>
                <line number="310" hits="25" branch="false"/>
                <line number="311" hits="25" branch="false"/>
                <line number="312" hits="25" branch="false"/>
                <line number="313" hits="25" branch="false"/>
                <line number="318" hits="36" branch="false"/>
                <line number="319" hits="36" branch="false"/>
                <line number="322" hits="36" branch="false"/>
                <line number="323" hits="36" branch="false"/>
                <line number="324" hits="36" branch="false"/>
                <line number="327" hits="36" branch="false"/>
                <line number="328" hits="36" branch="false"/>
                <line number="329" hits="36" branch="false"/>
                <line number="332" hits="36" branch="false"/>
                <line number="333" hits="36" branch="false"/>
                <line number="335" hits="36" branch="false"/>
                <line number="337" hits="0" branch="false"/>
                <line number="341" hits="36" branch="false"/>
                <line number="342" hits="517" branch="false"/>
                <line number="343" hits="517" branch="false"/>
                <line number="344" hits="517" branch="false"/>
                <line number="345" hits="517" branch="false"/>
                <line number="346" hits="517" branch="false"/>
                <line number="347" hits="517" branch="false"/>
                <line number="352" hits="36" branch="false"/>
                <line number="353" hits="61" branch="false"/>
                <line number="354" hits="61" branch="false"/>
                <line number="355" hits="61" branch="false"/>
                <line number="362" hits="61" branch="false"/>
                <line number="363" hits="61" branch="false"/>
                <line number="364" hits="61" branch="false"/>
                <line number="365" hits="61" branch="false"/>
                <line number="366" hits="61" branch="false"/>
                <line number="367" hits="61" branch="false"/>
                <line number="371" hits="36" branch="false"/>
                <line number="372" hits="4" branch="false"/>
                <line number="373" hits="4" branch="false"/>
                <line number="377" hits="36" branch="false"/>
                <line number="378" hits="11" branch="false"/>
                <line number="379" hits="11" branch="false"/>
                <line number="383" hits="36" branch="false"/>
                <line number="386" hits="35" branch="false"/>
                <line number="387" hits="35" branch="false"/>
                <line number="390" hits="35" branch="false"/>
                <line number="392" hits="32" branch="false"/>
                <line number="396" hits="35" branch="false"/>
                <line number="397" hits="20" branch="false"/>
                <line number="398" hits="20" branch="false"/>
                <line number="399" hits="20" branch="false"/>
                <line number="400" hits="20" branch="false"/>
                <line number="401" hits="20" branch="false"/>
                <line number="405" hits="34" branch="false"/>
                <line number="407" hits="34" branch="false"/>
                <line number="410" hits="34" branch="false"/>
                <line number="411" hits="34" branch="false"/>
                <line number="412" hits="34" branch="false"/>
                <line number="413" hits="34" branch="false"/>
                <line number="414" hits="34" branch="false"/>
                <line number="415" hits="34" branch="false"/>
                <line number="416" hits="34" branch="false"/>
                <line number="417" hits="34" branch="false"/>
                <line number="420" hits="34" branch="false"/>
                <line number="421" hits="2" branch="false"/>
                <line number="422" hits="2" branch="false"/>
                <line number="423" hits="2" branch="false"/>
                <line number="424" hits="2" branch="false"/>
                <line number="425" hits="2" branch="false"/>
                <line number="426" hits="2" branch="false"/>
                <line number="430" hits="34" branch="false"/>
                <line number="432" hits="34" branch="false"/>
              </lines>
            </method>
            <method name=".tab_to_colpath_set" signature="" line-rate="1" branch-rate="0" complexity="0">
              <lines>
                <line number="438" hits="14" branch="false"/>
                <line number="439" hits="14" branch="false"/>
                <line number="440" hits="14" branch="false"/>
                <line number="441" hits="14" branch="false"/>
                <line number="442" hits="14" branch="false"/>
              </lines>
            </method>
            <method name=".figure_out_colinds" signature="" line-rate="1" branch-rate="0" complexity="0">
              <lines>
                <line number="445" hits="7" branch="false"/>
                <line number="446" hits="7" branch="false"/>
                <line number="447" hits="7" branch="false"/>
                <line number="448" hits="7" branch="false"/>
              </lines>
            </method>
            <method name=".add_titles_as_header" signature="" line-rate="1" branch-rate="0" complexity="0">
              <lines>
                <line number="452" hits="20" branch="false"/>
                <line number="454" hits="20" branch="false"/>
                <line number="455" hits="20" branch="false"/>
                <line number="457" hits="20" branch="false"/>
                <line number="458" hits="20" branch="false"/>
                <line number="459" hits="20" branch="false"/>
                <line number="460" hits="20" branch="false"/>
                <line number="461" hits="20" branch="false"/>
                <line number="462" hits="20" branch="false"/>
                <line number="463" hits="20" branch="false"/>
                <line number="464" hits="20" branch="false"/>
                <line number="465" hits="20" branch="false"/>
                <line number="467" hits="20" branch="false"/>
                <line number="468" hits="17" branch="false"/>
                <line number="469" hits="3" branch="false"/>
                <line number="470" hits="2" branch="false"/>
                <line number="471" hits="1" branch="false"/>
                <line number="473" hits="1" branch="false"/>
                <line number="476" hits="19" branch="false"/>
              </lines>
            </method>
            <method name=".apply_themes" signature="" line-rate="1" branch-rate="0" complexity="0">
              <lines>
                <line number="480" hits="36" branch="false"/>
                <line number="481" hits="1" branch="false"/>
                <line number="484" hits="35" branch="false"/>
                <line number="486" hits="35" branch="false"/>
                <line number="487" hits="35" branch="false"/>
                <line number="488" hits="35" branch="false"/>
                <line number="489" hits="35" branch="false"/>
                <line number="490" hits="35" branch="false"/>
                <line number="493" hits="34" branch="false"/>
              </lines>
            </method>
            <method name=".extract_fontspec" signature="" line-rate="1" branch-rate="0" complexity="0">
              <lines>
                <line number="497" hits="35" branch="false"/>
                <line number="498" hits="35" branch="false"/>
                <line number="499" hits="35" branch="false"/>
                <line number="501" hits="35" branch="false"/>
              </lines>
            </method>
            <method name=".remove_hborder" signature="" line-rate="1" branch-rate="0" complexity="0">
              <lines>
                <line number="508" hits="72" branch="false"/>
                <line number="509" hits="36" branch="false"/>
                <line number="512" hits="72" branch="false"/>
                <line number="513" hits="36" branch="false"/>
                <line number="514" hits="36" branch="false"/>
                <line number="515" hits="36" branch="false"/>
                <line number="516" hits="36" branch="false"/>
                <line number="518" hits="72" branch="false"/>
                <line number="519" hits="72" branch="false"/>
                <line number="520" hits="72" branch="false"/>
                <line number="521" hits="72" branch="false"/>
                <line number="522" hits="72" branch="false"/>
                <line number="525" hits="72" branch="false"/>
                <line number="526" hits="36" branch="false"/>
                <line number="527" hits="36" branch="false"/>
                <line number="528" hits="36" branch="false"/>
                <line number="529" hits="36" branch="false"/>
                <line number="530" hits="36" branch="false"/>
                <line number="532" hits="72" branch="false"/>
              </lines>
            </method>
            <method name=".add_hborder" signature="" line-rate="1" branch-rate="0" complexity="0">
              <lines>
                <line number="537" hits="51" branch="false"/>
                <line number="538" hits="36" branch="false"/>
                <line number="539" hits="36" branch="false"/>
                <line number="541" hits="51" branch="false"/>
                <line number="542" hits="51" branch="false"/>
                <line number="544" hits="51" branch="false"/>
              </lines>
            </method>
          </methods>
          <lines>
            <line number="123" hits="40" branch="false"/>
            <line number="124" hits="0" branch="false"/>
            <line number="126" hits="40" branch="false"/>
            <line number="127" hits="0" branch="false"/>
            <line number="129" hits="40" branch="false"/>
            <line number="130" hits="40" branch="false"/>
            <line number="131" hits="40" branch="false"/>
            <line number="132" hits="40" branch="false"/>
            <line number="133" hits="40" branch="false"/>
            <line number="134" hits="40" branch="false"/>
            <line number="135" hits="40" branch="false"/>
            <line number="136" hits="40" branch="false"/>
            <line number="137" hits="3" branch="false"/>
            <line number="140" hits="40" branch="false"/>
            <line number="143" hits="40" branch="false"/>
            <line number="146" hits="4" branch="false"/>
            <line number="149" hits="4" branch="false"/>
            <line number="152" hits="4" branch="false"/>
            <line number="155" hits="4" branch="false"/>
            <line number="156" hits="4" branch="false"/>
            <line number="157" hits="4" branch="false"/>
            <line number="158" hits="4" branch="false"/>
            <line number="159" hits="4" branch="false"/>
            <line number="162" hits="4" branch="false"/>
            <line number="163" hits="4" branch="false"/>
            <line number="164" hits="4" branch="false"/>
            <line number="165" hits="4" branch="false"/>
            <line number="166" hits="4" branch="false"/>
            <line number="167" hits="4" branch="false"/>
            <line number="169" hits="4" branch="false"/>
            <line number="171" hits="4" branch="false"/>
            <line number="172" hits="1" branch="false"/>
            <line number="176" hits="3" branch="false"/>
            <line number="177" hits="3" branch="false"/>
            <line number="178" hits="3" branch="false"/>
            <line number="179" hits="3" branch="false"/>
            <line number="180" hits="3" branch="false"/>
            <line number="181" hits="3" branch="false"/>
            <line number="184" hits="3" branch="false"/>
            <line number="185" hits="3" branch="false"/>
            <line number="186" hits="3" branch="false"/>
            <line number="187" hits="3" branch="false"/>
            <line number="188" hits="0" branch="false"/>
            <line number="189" hits="3" branch="false"/>
            <line number="190" hits="3" branch="false"/>
            <line number="191" hits="3" branch="false"/>
            <line number="192" hits="3" branch="false"/>
            <line number="193" hits="3" branch="false"/>
            <line number="196" hits="3" branch="false"/>
            <line number="197" hits="3" branch="false"/>
            <line number="198" hits="3" branch="false"/>
            <line number="199" hits="3" branch="false"/>
            <line number="200" hits="3" branch="false"/>
            <line number="201" hits="3" branch="false"/>
            <line number="202" hits="3" branch="false"/>
            <line number="206" hits="36" branch="false"/>
            <line number="207" hits="36" branch="false"/>
            <line number="208" hits="36" branch="false"/>
            <line number="209" hits="36" branch="false"/>
            <line number="210" hits="36" branch="false"/>
            <line number="211" hits="36" branch="false"/>
            <line number="214" hits="36" branch="false"/>
            <line number="215" hits="0" branch="false"/>
            <line number="217" hits="0" branch="false"/>
            <line number="218" hits="0" branch="false"/>
            <line number="219" hits="0" branch="false"/>
            <line number="223" hits="36" branch="false"/>
            <line number="226" hits="36" branch="false"/>
            <line number="228" hits="36" branch="false"/>
            <line number="230" hits="36" branch="false"/>
            <line number="233" hits="36" branch="false"/>
            <line number="236" hits="36" branch="false"/>
            <line number="237" hits="17" branch="false"/>
            <line number="238" hits="17" branch="false"/>
            <line number="239" hits="17" branch="false"/>
            <line number="240" hits="17" branch="false"/>
            <line number="241" hits="13" branch="false"/>
            <line number="242" hits="23" branch="false"/>
            <line number="243" hits="23" branch="false"/>
            <line number="245" hits="23" branch="false"/>
            <line number="246" hits="18" branch="false"/>
            <line number="247" hits="23" branch="false"/>
            <line number="248" hits="5" branch="false"/>
            <line number="249" hits="23" branch="false"/>
            <line number="252" hits="23" branch="false"/>
            <line number="253" hits="23" branch="false"/>
            <line number="254" hits="23" branch="false"/>
            <line number="255" hits="23" branch="false"/>
            <line number="256" hits="23" branch="false"/>
            <line number="259" hits="23" branch="false"/>
            <line number="262" hits="23" branch="false"/>
            <line number="263" hits="23" branch="false"/>
            <line number="264" hits="10" branch="false"/>
            <line number="265" hits="10" branch="false"/>
            <line number="266" hits="10" branch="false"/>
            <line number="267" hits="10" branch="false"/>
            <line number="268" hits="10" branch="false"/>
            <line number="269" hits="10" branch="false"/>
            <line number="270" hits="10" branch="false"/>
            <line number="271" hits="10" branch="false"/>
            <line number="272" hits="10" branch="false"/>
            <line number="273" hits="10" branch="false"/>
            <line number="274" hits="10" branch="false"/>
            <line number="275" hits="10" branch="false"/>
            <line number="279" hits="23" branch="false"/>
            <line number="280" hits="22" branch="false"/>
            <line number="281" hits="22" branch="false"/>
            <line number="282" hits="22" branch="false"/>
            <line number="283" hits="22" branch="false"/>
            <line number="284" hits="22" branch="false"/>
            <line number="286" hits="22" branch="false"/>
            <line number="287" hits="22" branch="false"/>
            <line number="294" hits="36" branch="false"/>
            <line number="296" hits="36" branch="false"/>
            <line number="297" hits="36" branch="false"/>
            <line number="298" hits="36" branch="false"/>
            <line number="299" hits="36" branch="false"/>
            <line number="300" hits="36" branch="false"/>
            <line number="301" hits="36" branch="false"/>
            <line number="302" hits="36" branch="false"/>
            <line number="305" hits="36" branch="false"/>
            <line number="306" hits="15" branch="false"/>
            <line number="307" hits="25" branch="false"/>
            <line number="308" hits="25" branch="false"/>
            <line number="309" hits="25" branch="false"/>
            <line number="310" hits="25" branch="false"/>
            <line number="311" hits="25" branch="false"/>
            <line number="312" hits="25" branch="false"/>
            <line number="313" hits="25" branch="false"/>
            <line number="318" hits="36" branch="false"/>
            <line number="319" hits="36" branch="false"/>
            <line number="322" hits="36" branch="false"/>
            <line number="323" hits="36" branch="false"/>
            <line number="324" hits="36" branch="false"/>
            <line number="327" hits="36" branch="false"/>
            <line number="328" hits="36" branch="false"/>
            <line number="329" hits="36" branch="false"/>
            <line number="332" hits="36" branch="false"/>
            <line number="333" hits="36" branch="false"/>
            <line number="335" hits="36" branch="false"/>
            <line number="337" hits="0" branch="false"/>
            <line number="341" hits="36" branch="false"/>
            <line number="342" hits="517" branch="false"/>
            <line number="343" hits="517" branch="false"/>
            <line number="344" hits="517" branch="false"/>
            <line number="345" hits="517" branch="false"/>
            <line number="346" hits="517" branch="false"/>
            <line number="347" hits="517" branch="false"/>
            <line number="352" hits="36" branch="false"/>
            <line number="353" hits="61" branch="false"/>
            <line number="354" hits="61" branch="false"/>
            <line number="355" hits="61" branch="false"/>
            <line number="362" hits="61" branch="false"/>
            <line number="363" hits="61" branch="false"/>
            <line number="364" hits="61" branch="false"/>
            <line number="365" hits="61" branch="false"/>
            <line number="366" hits="61" branch="false"/>
            <line number="367" hits="61" branch="false"/>
            <line number="371" hits="36" branch="false"/>
            <line number="372" hits="4" branch="false"/>
            <line number="373" hits="4" branch="false"/>
            <line number="377" hits="36" branch="false"/>
            <line number="378" hits="11" branch="false"/>
            <line number="379" hits="11" branch="false"/>
            <line number="383" hits="36" branch="false"/>
            <line number="386" hits="35" branch="false"/>
            <line number="387" hits="35" branch="false"/>
            <line number="390" hits="35" branch="false"/>
            <line number="392" hits="32" branch="false"/>
            <line number="396" hits="35" branch="false"/>
            <line number="397" hits="20" branch="false"/>
            <line number="398" hits="20" branch="false"/>
            <line number="399" hits="20" branch="false"/>
            <line number="400" hits="20" branch="false"/>
            <line number="401" hits="20" branch="false"/>
            <line number="405" hits="34" branch="false"/>
            <line number="407" hits="34" branch="false"/>
            <line number="410" hits="34" branch="false"/>
            <line number="411" hits="34" branch="false"/>
            <line number="412" hits="34" branch="false"/>
            <line number="413" hits="34" branch="false"/>
            <line number="414" hits="34" branch="false"/>
            <line number="415" hits="34" branch="false"/>
            <line number="416" hits="34" branch="false"/>
            <line number="417" hits="34" branch="false"/>
            <line number="420" hits="34" branch="false"/>
            <line number="421" hits="2" branch="false"/>
            <line number="422" hits="2" branch="false"/>
            <line number="423" hits="2" branch="false"/>
            <line number="424" hits="2" branch="false"/>
            <line number="425" hits="2" branch="false"/>
            <line number="426" hits="2" branch="false"/>
            <line number="430" hits="34" branch="false"/>
            <line number="432" hits="34" branch="false"/>
            <line number="438" hits="14" branch="false"/>
            <line number="439" hits="14" branch="false"/>
            <line number="440" hits="14" branch="false"/>
            <line number="441" hits="14" branch="false"/>
            <line number="442" hits="14" branch="false"/>
            <line number="445" hits="7" branch="false"/>
            <line number="446" hits="7" branch="false"/>
            <line number="447" hits="7" branch="false"/>
            <line number="448" hits="7" branch="false"/>
            <line number="452" hits="20" branch="false"/>
            <line number="454" hits="20" branch="false"/>
            <line number="455" hits="20" branch="false"/>
            <line number="457" hits="20" branch="false"/>
            <line number="458" hits="20" branch="false"/>
            <line number="459" hits="20" branch="false"/>
            <line number="460" hits="20" branch="false"/>
            <line number="461" hits="20" branch="false"/>
            <line number="462" hits="20" branch="false"/>
            <line number="463" hits="20" branch="false"/>
            <line number="464" hits="20" branch="false"/>
            <line number="465" hits="20" branch="false"/>
            <line number="467" hits="20" branch="false"/>
            <line number="468" hits="17" branch="false"/>
            <line number="469" hits="3" branch="false"/>
            <line number="470" hits="2" branch="false"/>
            <line number="471" hits="1" branch="false"/>
            <line number="473" hits="1" branch="false"/>
            <line number="476" hits="19" branch="false"/>
            <line number="480" hits="36" branch="false"/>
            <line number="481" hits="1" branch="false"/>
            <line number="484" hits="35" branch="false"/>
            <line number="486" hits="35" branch="false"/>
            <line number="487" hits="35" branch="false"/>
            <line number="488" hits="35" branch="false"/>
            <line number="489" hits="35" branch="false"/>
            <line number="490" hits="35" branch="false"/>
            <line number="493" hits="34" branch="false"/>
            <line number="497" hits="35" branch="false"/>
            <line number="498" hits="35" branch="false"/>
            <line number="499" hits="35" branch="false"/>
            <line number="501" hits="35" branch="false"/>
            <line number="508" hits="72" branch="false"/>
            <line number="509" hits="36" branch="false"/>
            <line number="512" hits="72" branch="false"/>
            <line number="513" hits="36" branch="false"/>
            <line number="514" hits="36" branch="false"/>
            <line number="515" hits="36" branch="false"/>
            <line number="516" hits="36" branch="false"/>
            <line number="518" hits="72" branch="false"/>
            <line number="519" hits="72" branch="false"/>
            <line number="520" hits="72" branch="false"/>
            <line number="521" hits="72" branch="false"/>
            <line number="522" hits="72" branch="false"/>
            <line number="525" hits="72" branch="false"/>
            <line number="526" hits="36" branch="false"/>
            <line number="527" hits="36" branch="false"/>
            <line number="528" hits="36" branch="false"/>
            <line number="529" hits="36" branch="false"/>
            <line number="530" hits="36" branch="false"/>
            <line number="532" hits="72" branch="false"/>
            <line number="537" hits="51" branch="false"/>
            <line number="538" hits="36" branch="false"/>
            <line number="539" hits="36" branch="false"/>
            <line number="541" hits="51" branch="false"/>
            <line number="542" hits="51" branch="false"/>
            <line number="544" hits="51" branch="false"/>
          </lines>
        </class>
        <class name="export_as_docx.R" filename="R/export_as_docx.R" line-rate="0.860927152317881" branch-rate="0" complexity="0">
          <methods>
            <method name="export_as_docx" signature="" line-rate="0.783783783783784" branch-rate="0" complexity="0">
              <lines>
                <line number="72" hits="7" branch="false"/>
                <line number="73" hits="7" branch="false"/>
                <line number="74" hits="7" branch="false"/>
                <line number="77" hits="7" branch="false"/>
                <line number="78" hits="5" branch="false"/>
                <line number="79" hits="5" branch="false"/>
                <line number="80" hits="5" branch="false"/>
                <line number="81" hits="5" branch="false"/>
                <line number="82" hits="5" branch="false"/>
                <line number="85" hits="7" branch="false"/>
                <line number="86" hits="4" branch="false"/>
                <line number="87" hits="3" branch="false"/>
                <line number="88" hits="3" branch="false"/>
                <line number="89" hits="1" branch="false"/>
                <line number="90" hits="1" branch="false"/>
                <line number="91" hits="1" branch="false"/>
                <line number="92" hits="1" branch="false"/>
                <line number="93" hits="1" branch="false"/>
                <line number="94" hits="1" branch="false"/>
                <line number="95" hits="1" branch="false"/>
                <line number="96" hits="1" branch="false"/>
                <line number="97" hits="1" branch="false"/>
                <line number="98" hits="1" branch="false"/>
                <line number="99" hits="2" branch="false"/>
                <line number="100" hits="2" branch="false"/>
                <line number="102" hits="0" branch="false"/>
                <line number="105" hits="0" branch="false"/>
                <line number="109" hits="7" branch="false"/>
                <line number="110" hits="0" branch="false"/>
                <line number="114" hits="7" branch="false"/>
                <line number="115" hits="0" branch="false"/>
                <line number="119" hits="7" branch="false"/>
                <line number="120" hits="0" branch="false"/>
                <line number="125" hits="7" branch="false"/>
                <line number="126" hits="0" branch="false"/>
                <line number="128" hits="7" branch="false"/>
                <line number="129" hits="7" branch="false"/>
                <line number="131" hits="7" branch="false"/>
                <line number="132" hits="7" branch="false"/>
                <line number="133" hits="0" branch="false"/>
                <line number="139" hits="7" branch="false"/>
                <line number="140" hits="7" branch="false"/>
                <line number="141" hits="2" branch="false"/>
                <line number="142" hits="2" branch="false"/>
                <line number="143" hits="2" branch="false"/>
                <line number="144" hits="2" branch="false"/>
                <line number="145" hits="2" branch="false"/>
                <line number="146" hits="2" branch="false"/>
                <line number="147" hits="2" branch="false"/>
                <line number="148" hits="2" branch="false"/>
                <line number="150" hits="2" branch="false"/>
                <line number="151" hits="2" branch="false"/>
                <line number="152" hits="7" branch="false"/>
                <line number="153" hits="7" branch="false"/>
                <line number="154" hits="7" branch="false"/>
                <line number="155" hits="7" branch="false"/>
                <line number="158" hits="7" branch="false"/>
                <line number="159" hits="0" branch="false"/>
                <line number="160" hits="0" branch="false"/>
                <line number="161" hits="0" branch="false"/>
                <line number="166" hits="7" branch="false"/>
                <line number="167" hits="10" branch="false"/>
                <line number="169" hits="10" branch="false"/>
                <line number="170" hits="6" branch="false"/>
                <line number="175" hits="7" branch="false"/>
                <line number="178" hits="0" branch="false"/>
                <line number="179" hits="0" branch="false"/>
                <line number="180" hits="0" branch="false"/>
                <line number="183" hits="0" branch="false"/>
                <line number="184" hits="0" branch="false"/>
                <line number="188" hits="7" branch="false"/>
                <line number="190" hits="0" branch="false"/>
                <line number="194" hits="7" branch="false"/>
                <line number="196" hits="7" branch="false"/>
              </lines>
            </method>
            <method name="add_text_par" signature="" line-rate="0" branch-rate="0" complexity="0">
              <lines>
                <line number="201" hits="0" branch="false"/>
                <line number="202" hits="0" branch="false"/>
                <line number="203" hits="0" branch="false"/>
                <line number="205" hits="0" branch="false"/>
              </lines>
            </method>
            <method name="section_properties_default" signature="" line-rate="1" branch-rate="0" complexity="0">
              <lines>
                <line number="215" hits="15" branch="false"/>
                <line number="216" hits="15" branch="false"/>
                <line number="217" hits="15" branch="false"/>
                <line number="218" hits="15" branch="false"/>
                <line number="219" hits="15" branch="false"/>
                <line number="220" hits="15" branch="false"/>
                <line number="221" hits="15" branch="false"/>
                <line number="222" hits="15" branch="false"/>
                <line number="223" hits="15" branch="false"/>
                <line number="224" hits="15" branch="false"/>
                <line number="226" hits="15" branch="false"/>
                <line number="227" hits="10" branch="false"/>
                <line number="228" hits="10" branch="false"/>
                <line number="229" hits="10" branch="false"/>
                <line number="230" hits="10" branch="false"/>
                <line number="232" hits="5" branch="false"/>
                <line number="233" hits="5" branch="false"/>
                <line number="234" hits="5" branch="false"/>
                <line number="235" hits="5" branch="false"/>
                <line number="239" hits="15" branch="false"/>
                <line number="240" hits="15" branch="false"/>
                <line number="241" hits="15" branch="false"/>
                <line number="242" hits="15" branch="false"/>
                <line number="243" hits="15" branch="false"/>
              </lines>
            </method>
            <method name="margins_potrait" signature="" line-rate="1" branch-rate="0" complexity="0">
              <lines>
                <line number="249" hits="15" branch="false"/>
              </lines>
            </method>
            <method name="margins_landscape" signature="" line-rate="0" branch-rate="0" complexity="0">
              <lines>
                <line number="254" hits="0" branch="false"/>
              </lines>
            </method>
            <method name=".get_template_file" signature="" line-rate="1" branch-rate="0" complexity="0">
              <lines>
                <line number="259" hits="14" branch="false"/>
                <line number="260" hits="14" branch="false"/>
                <line number="262" hits="14" branch="false"/>
                <line number="263" hits="14" branch="false"/>
                <line number="264" hits="14" branch="false"/>
                <line number="265" hits="4" branch="false"/>
                <line number="266" hits="2" branch="false"/>
                <line number="267" hits="2" branch="false"/>
                <line number="268" hits="1" branch="false"/>
                <line number="270" hits="1" branch="false"/>
                <line number="271" hits="1" branch="false"/>
                <line number="272" hits="1" branch="false"/>
                <line number="273" hits="1" branch="false"/>
                <line number="275" hits="10" branch="false"/>
                <line number="276" hits="9" branch="false"/>
                <line number="277" hits="7" branch="false"/>
                <line number="278" hits="2" branch="false"/>
                <line number="279" hits="1" branch="false"/>
                <line number="281" hits="1" branch="false"/>
                <line number="282" hits="1" branch="false"/>
                <line number="283" hits="1" branch="false"/>
                <line number="284" hits="1" branch="false"/>
                <line number="287" hits="1" branch="false"/>
                <line number="288" hits="1" branch="false"/>
                <line number="289" hits="1" branch="false"/>
                <line number="290" hits="1" branch="false"/>
                <line number="293" hits="13" branch="false"/>
                <line number="294" hits="2" branch="false"/>
                <line number="297" hits="13" branch="false"/>
                <line number="298" hits="2" branch="false"/>
                <line number="299" hits="11" branch="false"/>
                <line number="300" hits="2" branch="false"/>
                <line number="301" hits="2" branch="false"/>
                <line number="302" hits="2" branch="false"/>
                <line number="303" hits="2" branch="false"/>
                <line number="304" hits="2" branch="false"/>
                <line number="305" hits="2" branch="false"/>
                <line number="306" hits="2" branch="false"/>
                <line number="307" hits="9" branch="false"/>
                <line number="308" hits="9" branch="false"/>
                <line number="309" hits="9" branch="false"/>
                <line number="310" hits="9" branch="false"/>
                <line number="311" hits="9" branch="false"/>
                <line number="312" hits="9" branch="false"/>
                <line number="313" hits="9" branch="false"/>
                <line number="314" hits="9" branch="false"/>
                <line number="317" hits="13" branch="false"/>
              </lines>
            </method>
          </methods>
          <lines>
            <line number="72" hits="7" branch="false"/>
            <line number="73" hits="7" branch="false"/>
            <line number="74" hits="7" branch="false"/>
            <line number="77" hits="7" branch="false"/>
            <line number="78" hits="5" branch="false"/>
            <line number="79" hits="5" branch="false"/>
            <line number="80" hits="5" branch="false"/>
            <line number="81" hits="5" branch="false"/>
            <line number="82" hits="5" branch="false"/>
            <line number="85" hits="7" branch="false"/>
            <line number="86" hits="4" branch="false"/>
            <line number="87" hits="3" branch="false"/>
            <line number="88" hits="3" branch="false"/>
            <line number="89" hits="1" branch="false"/>
            <line number="90" hits="1" branch="false"/>
            <line number="91" hits="1" branch="false"/>
            <line number="92" hits="1" branch="false"/>
            <line number="93" hits="1" branch="false"/>
            <line number="94" hits="1" branch="false"/>
            <line number="95" hits="1" branch="false"/>
            <line number="96" hits="1" branch="false"/>
            <line number="97" hits="1" branch="false"/>
            <line number="98" hits="1" branch="false"/>
            <line number="99" hits="2" branch="false"/>
            <line number="100" hits="2" branch="false"/>
            <line number="102" hits="0" branch="false"/>
            <line number="105" hits="0" branch="false"/>
            <line number="109" hits="7" branch="false"/>
            <line number="110" hits="0" branch="false"/>
            <line number="114" hits="7" branch="false"/>
            <line number="115" hits="0" branch="false"/>
            <line number="119" hits="7" branch="false"/>
            <line number="120" hits="0" branch="false"/>
            <line number="125" hits="7" branch="false"/>
            <line number="126" hits="0" branch="false"/>
            <line number="128" hits="7" branch="false"/>
            <line number="129" hits="7" branch="false"/>
            <line number="131" hits="7" branch="false"/>
            <line number="132" hits="7" branch="false"/>
            <line number="133" hits="0" branch="false"/>
            <line number="139" hits="7" branch="false"/>
            <line number="140" hits="7" branch="false"/>
            <line number="141" hits="2" branch="false"/>
            <line number="142" hits="2" branch="false"/>
            <line number="143" hits="2" branch="false"/>
            <line number="144" hits="2" branch="false"/>
            <line number="145" hits="2" branch="false"/>
            <line number="146" hits="2" branch="false"/>
            <line number="147" hits="2" branch="false"/>
            <line number="148" hits="2" branch="false"/>
            <line number="150" hits="2" branch="false"/>
            <line number="151" hits="2" branch="false"/>
            <line number="152" hits="7" branch="false"/>
            <line number="153" hits="7" branch="false"/>
            <line number="154" hits="7" branch="false"/>
            <line number="155" hits="7" branch="false"/>
            <line number="158" hits="7" branch="false"/>
            <line number="159" hits="0" branch="false"/>
            <line number="160" hits="0" branch="false"/>
            <line number="161" hits="0" branch="false"/>
            <line number="166" hits="7" branch="false"/>
            <line number="167" hits="10" branch="false"/>
            <line number="169" hits="10" branch="false"/>
            <line number="170" hits="6" branch="false"/>
            <line number="175" hits="7" branch="false"/>
            <line number="178" hits="0" branch="false"/>
            <line number="179" hits="0" branch="false"/>
            <line number="180" hits="0" branch="false"/>
            <line number="183" hits="0" branch="false"/>
            <line number="184" hits="0" branch="false"/>
            <line number="188" hits="7" branch="false"/>
            <line number="190" hits="0" branch="false"/>
            <line number="194" hits="7" branch="false"/>
            <line number="196" hits="7" branch="false"/>
            <line number="201" hits="0" branch="false"/>
            <line number="202" hits="0" branch="false"/>
            <line number="203" hits="0" branch="false"/>
            <line number="205" hits="0" branch="false"/>
            <line number="215" hits="15" branch="false"/>
            <line number="216" hits="15" branch="false"/>
            <line number="217" hits="15" branch="false"/>
            <line number="218" hits="15" branch="false"/>
            <line number="219" hits="15" branch="false"/>
            <line number="220" hits="15" branch="false"/>
            <line number="221" hits="15" branch="false"/>
            <line number="222" hits="15" branch="false"/>
            <line number="223" hits="15" branch="false"/>
            <line number="224" hits="15" branch="false"/>
            <line number="226" hits="15" branch="false"/>
            <line number="227" hits="10" branch="false"/>
            <line number="228" hits="10" branch="false"/>
            <line number="229" hits="10" branch="false"/>
            <line number="230" hits="10" branch="false"/>
            <line number="232" hits="5" branch="false"/>
            <line number="233" hits="5" branch="false"/>
            <line number="234" hits="5" branch="false"/>
            <line number="235" hits="5" branch="false"/>
            <line number="239" hits="15" branch="false"/>
            <line number="240" hits="15" branch="false"/>
            <line number="241" hits="15" branch="false"/>
            <line number="242" hits="15" branch="false"/>
            <line number="243" hits="15" branch="false"/>
            <line number="249" hits="15" branch="false"/>
            <line number="254" hits="0" branch="false"/>
            <line number="259" hits="14" branch="false"/>
            <line number="260" hits="14" branch="false"/>
            <line number="262" hits="14" branch="false"/>
            <line number="263" hits="14" branch="false"/>
            <line number="264" hits="14" branch="false"/>
            <line number="265" hits="4" branch="false"/>
            <line number="266" hits="2" branch="false"/>
            <line number="267" hits="2" branch="false"/>
            <line number="268" hits="1" branch="false"/>
            <line number="270" hits="1" branch="false"/>
            <line number="271" hits="1" branch="false"/>
            <line number="272" hits="1" branch="false"/>
            <line number="273" hits="1" branch="false"/>
            <line number="275" hits="10" branch="false"/>
            <line number="276" hits="9" branch="false"/>
            <line number="277" hits="7" branch="false"/>
            <line number="278" hits="2" branch="false"/>
            <line number="279" hits="1" branch="false"/>
            <line number="281" hits="1" branch="false"/>
            <line number="282" hits="1" branch="false"/>
            <line number="283" hits="1" branch="false"/>
            <line number="284" hits="1" branch="false"/>
            <line number="287" hits="1" branch="false"/>
            <line number="288" hits="1" branch="false"/>
            <line number="289" hits="1" branch="false"/>
            <line number="290" hits="1" branch="false"/>
            <line number="293" hits="13" branch="false"/>
            <line number="294" hits="2" branch="false"/>
            <line number="297" hits="13" branch="false"/>
            <line number="298" hits="2" branch="false"/>
            <line number="299" hits="11" branch="false"/>
            <line number="300" hits="2" branch="false"/>
            <line number="301" hits="2" branch="false"/>
            <line number="302" hits="2" branch="false"/>
            <line number="303" hits="2" branch="false"/>
            <line number="304" hits="2" branch="false"/>
            <line number="305" hits="2" branch="false"/>
            <line number="306" hits="2" branch="false"/>
            <line number="307" hits="9" branch="false"/>
            <line number="308" hits="9" branch="false"/>
            <line number="309" hits="9" branch="false"/>
            <line number="310" hits="9" branch="false"/>
            <line number="311" hits="9" branch="false"/>
            <line number="312" hits="9" branch="false"/>
            <line number="313" hits="9" branch="false"/>
            <line number="314" hits="9" branch="false"/>
            <line number="317" hits="13" branch="false"/>
          </lines>
        </class>
        <class name="extract_from_flx.R" filename="R/extract_from_flx.R" line-rate="1" branch-rate="0" complexity="0">
          <methods>
            <method name="extract_font_and_size_from_flx" signature="" line-rate="1" branch-rate="0" complexity="0">
              <lines>
                <line number="17" hits="3" branch="false"/>
                <line number="18" hits="2" branch="false"/>
                <line number="19" hits="2" branch="false"/>
                <line number="20" hits="2" branch="false"/>
                <line number="21" hits="1" branch="false"/>
                <line number="22" hits="2" branch="false"/>
                <line number="23" hits="1" branch="false"/>
                <line number="24" hits="2" branch="false"/>
                <line number="25" hits="2" branch="false"/>
                <line number="28" hits="2" branch="false"/>
                <line number="29" hits="2" branch="false"/>
                <line number="31" hits="2" branch="false"/>
              </lines>
            </method>
          </methods>
          <lines>
            <line number="17" hits="3" branch="false"/>
            <line number="18" hits="2" branch="false"/>
            <line number="19" hits="2" branch="false"/>
            <line number="20" hits="2" branch="false"/>
            <line number="21" hits="1" branch="false"/>
            <line number="22" hits="2" branch="false"/>
            <line number="23" hits="1" branch="false"/>
            <line number="24" hits="2" branch="false"/>
            <line number="25" hits="2" branch="false"/>
            <line number="28" hits="2" branch="false"/>
            <line number="29" hits="2" branch="false"/>
            <line number="31" hits="2" branch="false"/>
          </lines>
        </class>
        <class name="theme_defaults.R" filename="R/theme_defaults.R" line-rate="0.906432748538012" branch-rate="0" complexity="0">
          <methods>
            <method name="theme_docx_default" signature="" line-rate="0.895522388059702" branch-rate="0" complexity="0">
              <lines>
                <line number="64" hits="25" branch="false"/>
                <line number="65" hits="25" branch="false"/>
                <line number="66" hits="0" branch="false"/>
                <line number="67" hits="0" branch="false"/>
                <line number="68" hits="0" branch="false"/>
                <line number="69" hits="0" branch="false"/>
                <line number="70" hits="25" branch="false"/>
                <line number="71" hits="25" branch="false"/>
                <line number="72" hits="25" branch="false"/>
                <line number="73" hits="25" branch="false"/>
                <line number="74" hits="25" branch="false"/>
                <line number="75" hits="25" branch="false"/>
                <line number="76" hits="25" branch="false"/>
                <line number="77" hits="25" branch="false"/>
                <line number="78" hits="0" branch="false"/>
                <line number="79" hits="25" branch="false"/>
                <line number="80" hits="25" branch="false"/>
                <line number="83" hits="25" branch="false"/>
                <line number="84" hits="25" branch="false"/>
                <line number="85" hits="25" branch="false"/>
                <line number="88" hits="25" branch="false"/>
                <line number="89" hits="25" branch="false"/>
                <line number="90" hits="25" branch="false"/>
                <line number="93" hits="25" branch="false"/>
                <line number="96" hits="25" branch="false"/>
                <line number="97" hits="25" branch="false"/>
                <line number="98" hits="25" branch="false"/>
                <line number="100" hits="25" branch="false"/>
                <line number="101" hits="25" branch="false"/>
                <line number="103" hits="25" branch="false"/>
                <line number="104" hits="25" branch="false"/>
                <line number="105" hits="25" branch="false"/>
                <line number="106" hits="25" branch="false"/>
                <line number="109" hits="25" branch="false"/>
                <line number="110" hits="19" branch="false"/>
                <line number="111" hits="19" branch="false"/>
                <line number="112" hits="19" branch="false"/>
                <line number="113" hits="19" branch="false"/>
                <line number="114" hits="25" branch="false"/>
                <line number="115" hits="25" branch="false"/>
                <line number="116" hits="3" branch="false"/>
                <line number="118" hits="3" branch="false"/>
                <line number="119" hits="3" branch="false"/>
                <line number="120" hits="3" branch="false"/>
                <line number="121" hits="25" branch="false"/>
                <line number="123" hits="25" branch="false"/>
                <line number="126" hits="25" branch="false"/>
                <line number="127" hits="25" branch="false"/>
                <line number="128" hits="25" branch="false"/>
                <line number="130" hits="25" branch="false"/>
                <line number="131" hits="25" branch="false"/>
                <line number="132" hits="0" branch="false"/>
                <line number="133" hits="25" branch="false"/>
                <line number="134" hits="25" branch="false"/>
                <line number="135" hits="25" branch="false"/>
                <line number="136" hits="25" branch="false"/>
                <line number="137" hits="25" branch="false"/>
                <line number="138" hits="0" branch="false"/>
                <line number="139" hits="25" branch="false"/>
                <line number="140" hits="25" branch="false"/>
                <line number="141" hits="25" branch="false"/>
                <line number="143" hits="25" branch="false"/>
                <line number="144" hits="25" branch="false"/>
                <line number="145" hits="25" branch="false"/>
                <line number="148" hits="25" branch="false"/>
                <line number="150" hits="25" branch="false"/>
                <line number="151" hits="25" branch="false"/>
              </lines>
            </method>
            <method name="theme_html_default" signature="" line-rate="0.906976744186046" branch-rate="0" complexity="0">
              <lines>
                <line number="191" hits="3" branch="false"/>
                <line number="192" hits="3" branch="false"/>
                <line number="193" hits="0" branch="false"/>
                <line number="194" hits="0" branch="false"/>
                <line number="195" hits="0" branch="false"/>
                <line number="196" hits="0" branch="false"/>
                <line number="197" hits="3" branch="false"/>
                <line number="198" hits="3" branch="false"/>
                <line number="199" hits="3" branch="false"/>
                <line number="200" hits="3" branch="false"/>
                <line number="201" hits="3" branch="false"/>
                <line number="202" hits="3" branch="false"/>
                <line number="203" hits="3" branch="false"/>
                <line number="204" hits="3" branch="false"/>
                <line number="207" hits="3" branch="false"/>
                <line number="208" hits="3" branch="false"/>
                <line number="209" hits="3" branch="false"/>
                <line number="210" hits="3" branch="false"/>
                <line number="213" hits="3" branch="false"/>
                <line number="214" hits="3" branch="false"/>
                <line number="215" hits="3" branch="false"/>
                <line number="218" hits="3" branch="false"/>
                <line number="220" hits="3" branch="false"/>
                <line number="221" hits="3" branch="false"/>
                <line number="222" hits="3" branch="false"/>
                <line number="223" hits="3" branch="false"/>
                <line number="224" hits="3" branch="false"/>
                <line number="225" hits="3" branch="false"/>
                <line number="226" hits="3" branch="false"/>
                <line number="227" hits="3" branch="false"/>
                <line number="228" hits="3" branch="false"/>
                <line number="229" hits="3" branch="false"/>
                <line number="230" hits="3" branch="false"/>
                <line number="231" hits="3" branch="false"/>
                <line number="232" hits="3" branch="false"/>
                <line number="233" hits="3" branch="false"/>
                <line number="234" hits="3" branch="false"/>
                <line number="235" hits="3" branch="false"/>
                <line number="236" hits="3" branch="false"/>
                <line number="237" hits="3" branch="false"/>
                <line number="238" hits="3" branch="false"/>
                <line number="240" hits="3" branch="false"/>
                <line number="241" hits="3" branch="false"/>
              </lines>
            </method>
            <method name=".add_borders" signature="" line-rate="1" branch-rate="0" complexity="0">
              <lines>
                <line number="249" hits="35" branch="false"/>
                <line number="250" hits="35" branch="false"/>
                <line number="251" hits="35" branch="false"/>
                <line number="252" hits="35" branch="false"/>
                <line number="253" hits="35" branch="false"/>
                <line number="254" hits="35" branch="false"/>
                <line number="255" hits="35" branch="false"/>
                <line number="256" hits="35" branch="false"/>
                <line number="257" hits="35" branch="false"/>
                <line number="258" hits="35" branch="false"/>
                <line number="259" hits="35" branch="false"/>
                <line number="260" hits="35" branch="false"/>
                <line number="261" hits="35" branch="false"/>
                <line number="262" hits="35" branch="false"/>
                <line number="263" hits="35" branch="false"/>
                <line number="264" hits="35" branch="false"/>
                <line number="265" hits="35" branch="false"/>
                <line number="266" hits="35" branch="false"/>
                <line number="267" hits="35" branch="false"/>
                <line number="268" hits="35" branch="false"/>
                <line number="269" hits="35" branch="false"/>
                <line number="272" hits="35" branch="false"/>
                <line number="273" hits="35" branch="false"/>
                <line number="274" hits="35" branch="false"/>
                <line number="275" hits="59" branch="false"/>
                <line number="276" hits="59" branch="false"/>
                <line number="277" hits="59" branch="false"/>
                <line number="278" hits="59" branch="false"/>
                <line number="281" hits="35" branch="false"/>
                <line number="282" hits="59" branch="false"/>
                <line number="283" hits="156" branch="false"/>
                <line number="284" hits="153" branch="false"/>
                <line number="285" hits="153" branch="false"/>
                <line number="286" hits="153" branch="false"/>
                <line number="287" hits="153" branch="false"/>
                <line number="288" hits="153" branch="false"/>
                <line number="293" hits="35" branch="false"/>
              </lines>
            </method>
            <method name=".apply_indentation_and_margin" signature="" line-rate="1" branch-rate="0" complexity="0">
              <lines>
                <line number="297" hits="32" branch="false"/>
                <line number="298" hits="32" branch="false"/>
                <line number="299" hits="32" branch="false"/>
                <line number="300" hits="32" branch="false"/>
                <line number="301" hits="32" branch="false"/>
                <line number="304" hits="32" branch="false"/>
                <line number="305" hits="32" branch="false"/>
                <line number="306" hits="32" branch="false"/>
                <line number="307" hits="32" branch="false"/>
                <line number="308" hits="32" branch="false"/>
                <line number="311" hits="32" branch="false"/>
                <line number="312" hits="32" branch="false"/>
                <line number="313" hits="32" branch="false"/>
                <line number="314" hits="32" branch="false"/>
                <line number="315" hits="32" branch="false"/>
                <line number="316" hits="32" branch="false"/>
                <line number="317" hits="32" branch="false"/>
                <line number="319" hits="32" branch="false"/>
              </lines>
            </method>
            <method name="remove_vborder" signature="" line-rate="0" branch-rate="0" complexity="0">
              <lines>
                <line number="324" hits="0" branch="false"/>
                <line number="325" hits="0" branch="false"/>
                <line number="326" hits="0" branch="false"/>
                <line number="327" hits="0" branch="false"/>
                <line number="328" hits="0" branch="false"/>
              </lines>
            </method>
            <method name="word_mm_to_pt" signature="" line-rate="1" branch-rate="0" complexity="0">
              <lines>
                <line number="337" hits="187" branch="false"/>
              </lines>
            </method>
          </methods>
          <lines>
            <line number="64" hits="25" branch="false"/>
            <line number="65" hits="25" branch="false"/>
            <line number="66" hits="0" branch="false"/>
            <line number="67" hits="0" branch="false"/>
            <line number="68" hits="0" branch="false"/>
            <line number="69" hits="0" branch="false"/>
            <line number="70" hits="25" branch="false"/>
            <line number="71" hits="25" branch="false"/>
            <line number="72" hits="25" branch="false"/>
            <line number="73" hits="25" branch="false"/>
            <line number="74" hits="25" branch="false"/>
            <line number="75" hits="25" branch="false"/>
            <line number="76" hits="25" branch="false"/>
            <line number="77" hits="25" branch="false"/>
            <line number="78" hits="0" branch="false"/>
            <line number="79" hits="25" branch="false"/>
            <line number="80" hits="25" branch="false"/>
            <line number="83" hits="25" branch="false"/>
            <line number="84" hits="25" branch="false"/>
            <line number="85" hits="25" branch="false"/>
            <line number="88" hits="25" branch="false"/>
            <line number="89" hits="25" branch="false"/>
            <line number="90" hits="25" branch="false"/>
            <line number="93" hits="25" branch="false"/>
            <line number="96" hits="25" branch="false"/>
            <line number="97" hits="25" branch="false"/>
            <line number="98" hits="25" branch="false"/>
            <line number="100" hits="25" branch="false"/>
            <line number="101" hits="25" branch="false"/>
            <line number="103" hits="25" branch="false"/>
            <line number="104" hits="25" branch="false"/>
            <line number="105" hits="25" branch="false"/>
            <line number="106" hits="25" branch="false"/>
            <line number="109" hits="25" branch="false"/>
            <line number="110" hits="19" branch="false"/>
            <line number="111" hits="19" branch="false"/>
            <line number="112" hits="19" branch="false"/>
            <line number="113" hits="19" branch="false"/>
            <line number="114" hits="25" branch="false"/>
            <line number="115" hits="25" branch="false"/>
            <line number="116" hits="3" branch="false"/>
            <line number="118" hits="3" branch="false"/>
            <line number="119" hits="3" branch="false"/>
            <line number="120" hits="3" branch="false"/>
            <line number="121" hits="25" branch="false"/>
            <line number="123" hits="25" branch="false"/>
            <line number="126" hits="25" branch="false"/>
            <line number="127" hits="25" branch="false"/>
            <line number="128" hits="25" branch="false"/>
            <line number="130" hits="25" branch="false"/>
            <line number="131" hits="25" branch="false"/>
            <line number="132" hits="0" branch="false"/>
            <line number="133" hits="25" branch="false"/>
            <line number="134" hits="25" branch="false"/>
            <line number="135" hits="25" branch="false"/>
            <line number="136" hits="25" branch="false"/>
            <line number="137" hits="25" branch="false"/>
            <line number="138" hits="0" branch="false"/>
            <line number="139" hits="25" branch="false"/>
            <line number="140" hits="25" branch="false"/>
            <line number="141" hits="25" branch="false"/>
            <line number="143" hits="25" branch="false"/>
            <line number="144" hits="25" branch="false"/>
            <line number="145" hits="25" branch="false"/>
            <line number="148" hits="25" branch="false"/>
            <line number="150" hits="25" branch="false"/>
            <line number="151" hits="25" branch="false"/>
            <line number="191" hits="3" branch="false"/>
            <line number="192" hits="3" branch="false"/>
            <line number="193" hits="0" branch="false"/>
            <line number="194" hits="0" branch="false"/>
            <line number="195" hits="0" branch="false"/>
            <line number="196" hits="0" branch="false"/>
            <line number="197" hits="3" branch="false"/>
            <line number="198" hits="3" branch="false"/>
            <line number="199" hits="3" branch="false"/>
            <line number="200" hits="3" branch="false"/>
            <line number="201" hits="3" branch="false"/>
            <line number="202" hits="3" branch="false"/>
            <line number="203" hits="3" branch="false"/>
            <line number="204" hits="3" branch="false"/>
            <line number="207" hits="3" branch="false"/>
            <line number="208" hits="3" branch="false"/>
            <line number="209" hits="3" branch="false"/>
            <line number="210" hits="3" branch="false"/>
            <line number="213" hits="3" branch="false"/>
            <line number="214" hits="3" branch="false"/>
            <line number="215" hits="3" branch="false"/>
            <line number="218" hits="3" branch="false"/>
            <line number="220" hits="3" branch="false"/>
            <line number="221" hits="3" branch="false"/>
            <line number="222" hits="3" branch="false"/>
            <line number="223" hits="3" branch="false"/>
            <line number="224" hits="3" branch="false"/>
            <line number="225" hits="3" branch="false"/>
            <line number="226" hits="3" branch="false"/>
            <line number="227" hits="3" branch="false"/>
            <line number="228" hits="3" branch="false"/>
            <line number="229" hits="3" branch="false"/>
            <line number="230" hits="3" branch="false"/>
            <line number="231" hits="3" branch="false"/>
            <line number="232" hits="3" branch="false"/>
            <line number="233" hits="3" branch="false"/>
            <line number="234" hits="3" branch="false"/>
            <line number="235" hits="3" branch="false"/>
            <line number="236" hits="3" branch="false"/>
            <line number="237" hits="3" branch="false"/>
            <line number="238" hits="3" branch="false"/>
            <line number="240" hits="3" branch="false"/>
            <line number="241" hits="3" branch="false"/>
            <line number="249" hits="35" branch="false"/>
            <line number="250" hits="35" branch="false"/>
            <line number="251" hits="35" branch="false"/>
            <line number="252" hits="35" branch="false"/>
            <line number="253" hits="35" branch="false"/>
            <line number="254" hits="35" branch="false"/>
            <line number="255" hits="35" branch="false"/>
            <line number="256" hits="35" branch="false"/>
            <line number="257" hits="35" branch="false"/>
            <line number="258" hits="35" branch="false"/>
            <line number="259" hits="35" branch="false"/>
            <line number="260" hits="35" branch="false"/>
            <line number="261" hits="35" branch="false"/>
            <line number="262" hits="35" branch="false"/>
            <line number="263" hits="35" branch="false"/>
            <line number="264" hits="35" branch="false"/>
            <line number="265" hits="35" branch="false"/>
            <line number="266" hits="35" branch="false"/>
            <line number="267" hits="35" branch="false"/>
            <line number="268" hits="35" branch="false"/>
            <line number="269" hits="35" branch="false"/>
            <line number="272" hits="35" branch="false"/>
            <line number="273" hits="35" branch="false"/>
            <line number="274" hits="35" branch="false"/>
            <line number="275" hits="59" branch="false"/>
            <line number="276" hits="59" branch="false"/>
            <line number="277" hits="59" branch="false"/>
            <line number="278" hits="59" branch="false"/>
            <line number="281" hits="35" branch="false"/>
            <line number="282" hits="59" branch="false"/>
            <line number="283" hits="156" branch="false"/>
            <line number="284" hits="153" branch="false"/>
            <line number="285" hits="153" branch="false"/>
            <line number="286" hits="153" branch="false"/>
            <line number="287" hits="153" branch="false"/>
            <line number="288" hits="153" branch="false"/>
            <line number="293" hits="35" branch="false"/>
            <line number="297" hits="32" branch="false"/>
            <line number="298" hits="32" branch="false"/>
            <line number="299" hits="32" branch="false"/>
            <line number="300" hits="32" branch="false"/>
            <line number="301" hits="32" branch="false"/>
            <line number="304" hits="32" branch="false"/>
            <line number="305" hits="32" branch="false"/>
            <line number="306" hits="32" branch="false"/>
            <line number="307" hits="32" branch="false"/>
            <line number="308" hits="32" branch="false"/>
            <line number="311" hits="32" branch="false"/>
            <line number="312" hits="32" branch="false"/>
            <line number="313" hits="32" branch="false"/>
            <line number="314" hits="32" branch="false"/>
            <line number="315" hits="32" branch="false"/>
            <line number="316" hits="32" branch="false"/>
            <line number="317" hits="32" branch="false"/>
            <line number="319" hits="32" branch="false"/>
            <line number="324" hits="0" branch="false"/>
            <line number="325" hits="0" branch="false"/>
            <line number="326" hits="0" branch="false"/>
            <line number="327" hits="0" branch="false"/>
            <line number="328" hits="0" branch="false"/>
            <line number="337" hits="187" branch="false"/>
          </lines>
        </class>
      </classes>
    </package>
  </packages>
</coverage>
