<?xml version="1.0" encoding="UTF-8"?>
<testsuites>
  <testsuite name="Exporting to txt, pdf, rtf, and docx" timestamp="2024-11-10T12:21:01Z" hostname="19be58837aea" tests="8" skipped="0" failures="1" errors="4" time="1.25">
    <testcase time="0.595" classname="Exporting_to_txt_pdf_rtf_and_docx" name="export_as_txt_works_with_and_without_pagination"/>
    <testcase time="0.152" classname="Exporting_to_txt_pdf_rtf_and_docx" name="export_as_txt_works_with_and_without_pagination"/>
    <testcase time="0.016" classname="Exporting_to_txt_pdf_rtf_and_docx" name="export_as_txt_works_with_wrapping">
      <error type="error" message="Error in `eval(code, test_env)`: object 'tt_for_wrap' not found ('test-exporters.R:30:3')">Error in `eval(code, test_env)`: object 'tt_for_wrap' not found
Backtrace:
    ▆
 1. └─formatters::export_as_txt(...) at test-exporters.R:30:3
 2.   └─formatters:::.is_list_of_tables_or_listings(x)
 3.     └─methods::is(a_list, "list")</error>
    </testcase>
    <testcase time="0.03" classname="Exporting_to_txt_pdf_rtf_and_docx" name="tsv_roundtripping_for_path_enriched_df">
      <error type="error" message="Error in `tt_to_export()`: could not find function &quot;tt_to_export&quot; ('test-exporters.R:124:3')">Error in `tt_to_export()`: could not find function "tt_to_export"</error>
    </testcase>
    <testcase time="0.0250000000000001" classname="Exporting_to_txt_pdf_rtf_and_docx" name="export_as_pdf_works">
      <error type="error" message="Error in `tt_to_export()`: could not find function &quot;tt_to_export&quot; ('test-exporters.R:145:3')">Error in `tt_to_export()`: could not find function "tt_to_export"</error>
    </testcase>
    <testcase time="0.0739999999999998" classname="Exporting_to_txt_pdf_rtf_and_docx" name="path_enriched_df_works_for_tables_with_a_column_that_has_all_length_1_elements"/>
    <testcase time="0.00600000000000001" classname="Exporting_to_txt_pdf_rtf_and_docx" name="export_as_doc_works_thanks_to_tt_to_flextable">
      <error type="error" message="Error in `make_big_lyt()`: could not find function &quot;make_big_lyt&quot; ('test-exporters.R:217:3')">Error in `make_big_lyt()`: could not find function "make_big_lyt"</error>
    </testcase>
    <testcase time="0.352" classname="Exporting_to_txt_pdf_rtf_and_docx" name="export_as_doc_produces_a_warning_if_manual_column_widths_are_used">
      <failure type="failure" message="`export_as_docx(tbl, colwidths = c(1, 2), file = doc_file, section_properties = section_properties_default())` did not produce any warnings. ('test-exporters.R:267:3')">`export_as_docx(tbl, colwidths = c(1, 2), file = doc_file, section_properties = section_properties_default())` did not produce any warnings.</failure>
    </testcase>
  </testsuite>
  <testsuite name="tt_as_flextable" timestamp="2024-11-10T12:21:03Z" hostname="19be58837aea" tests="13" skipped="0" failures="1" errors="1" time="5.209">
    <testcase time="0.742" classname="tt_as_flextable" name="Can_create_flextable_object_that_works_with_different_styles">
      <failure type="failure" message="sum(unlist(nrow(ft))) not equal to 20. ('test-tt_as_flextable.R:25:3')">sum(unlist(nrow(ft))) not equal to 20.
1/1 mismatches
[1] 10 - 20 == -10</failure>
    </testcase>
    <testcase time="0.353" classname="tt_as_flextable" name="Can_create_flextable_object_that_works_with_different_styles"/>
    <testcase time="0.405" classname="tt_as_flextable" name="Can_create_flextable_object_that_works_with_different_styles"/>
    <testcase time="0.389" classname="tt_as_flextable" name="Can_create_flextable_object_that_works_with_different_styles"/>
    <testcase time="0.834" classname="tt_as_flextable" name="Can_create_flextable_object_that_works_with_different_styles"/>
    <testcase time="0.00100000000000033" classname="tt_as_flextable" name="Can_create_flextable_object_that_works_with_different_styles"/>
    <testcase time="0.000999999999999446" classname="tt_as_flextable" name="Can_create_flextable_object_that_works_with_different_styles"/>
    <testcase time="0.00500000000000078" classname="tt_as_flextable" name="Can_create_flextable_object_that_works_with_different_styles"/>
    <testcase time="0.673" classname="tt_as_flextable" name="tt_to_flextable_does_not_create_different_cells_when_colcounts_or_multiple_on_different_lines"/>
    <testcase time="0.489999999999999" classname="tt_as_flextable" name="check_titles_bold_and_html_theme"/>
    <testcase time="0.277" classname="tt_as_flextable" name="check_titles_bold_and_html_theme"/>
    <testcase time="0.277" classname="tt_as_flextable" name="check_titles_bold_and_html_theme"/>
    <testcase time="0.762" classname="tt_as_flextable" name="check_pagination">
      <error type="error" message="Error in `pos_splits(pos)`: could not find function &quot;pos_splits&quot; ('test-tt_as_flextable.R:145:3')">Error in `pos_splits(pos)`: could not find function "pos_splits"
Backtrace:
     ▆
  1. ├─testthat::expect_silent(...) at test-tt_as_flextable.R:145:3
  2. │ └─testthat:::quasi_capture(enquo(object), NULL, evaluate_promise)
  3. │   ├─testthat (local) .capture(...)
  4. │   │ ├─withr::with_output_sink(...)
  5. │   │ │ └─base::force(code)
  6. │   │ ├─base::withCallingHandlers(...)
  7. │   │ └─base::withVisible(code)
  8. │   └─rlang::eval_bare(quo_get_expr(.quo), quo_get_env(.quo))
  9. └─rtables.officer::tt_to_flextable(tbl, paginate = TRUE, lpp = 100)
 10.   └─base::lapply(...)
 11.     └─rtables.officer (local) FUN(X[[i]], ...)
 12.       └─rtables.officer:::.figure_out_colinds(tb, tt)
 13.         └─rtables.officer:::.tab_to_colpath_set(subtab)
 14.           └─base::vapply(...)
 15.             └─rtables.officer (local) FUN(X[[i]], ...)
 16.               ├─base::paste(pos_to_path(tree_pos(y)), collapse = " ")
 17.               └─rtables.officer:::pos_to_path(tree_pos(y))</error>
    </testcase>
  </testsuite>
</testsuites>
