<?xml version="1.0" encoding="UTF-8"?>
<!DOCTYPE coverage SYSTEM "https://raw.githubusercontent.com/cobertura/cobertura/master/cobertura/src/site/htdocs/xml/coverage-04.dtd">
<coverage line-rate="0.927304964539007" branch-rate="0" lines-covered="523" lines-valid="564" branches-covered="0" branches-valid="0" complexity="0" version="3.6.4" timestamp="2025-03-19 19:09:51.227989">
  <sources>
    <source>/__w/rtables.officer/rtables.officer/rtables.officer</source>
  </sources>
  <packages>
    <package name="rtables.officer" line-rate="0.927304964539007" branch-rate="0" complexity="0">
      <classes>
        <class name="as_flextable.R" filename="R/as_flextable.R" line-rate="0.970037453183521" branch-rate="0" complexity="0">
          <methods>
            <method name="tt_to_flextable" signature="" line-rate="0.957894736842105" branch-rate="0" complexity="0">
              <lines>
                <line number="117" hits="22" branch="false"/>
                <line number="118" hits="0" branch="false"/>
                <line number="120" hits="22" branch="false"/>
                <line number="121" hits="22" branch="false"/>
                <line number="122" hits="22" branch="false"/>
                <line number="123" hits="22" branch="false"/>
                <line number="124" hits="22" branch="false"/>
                <line number="125" hits="22" branch="false"/>
                <line number="126" hits="22" branch="false"/>
                <line number="127" hits="22" branch="false"/>
                <line number="128" hits="2" branch="false"/>
                <line number="131" hits="22" branch="false"/>
                <line number="134" hits="22" branch="false"/>
                <line number="137" hits="1" branch="false"/>
                <line number="140" hits="1" branch="false"/>
                <line number="143" hits="1" branch="false"/>
                <line number="146" hits="1" branch="false"/>
                <line number="147" hits="1" branch="false"/>
                <line number="148" hits="1" branch="false"/>
                <line number="149" hits="1" branch="false"/>
                <line number="150" hits="1" branch="false"/>
                <line number="153" hits="1" branch="false"/>
                <line number="154" hits="1" branch="false"/>
                <line number="155" hits="1" branch="false"/>
                <line number="156" hits="1" branch="false"/>
                <line number="157" hits="1" branch="false"/>
                <line number="158" hits="1" branch="false"/>
                <line number="159" hits="1" branch="false"/>
                <line number="160" hits="1" branch="false"/>
                <line number="161" hits="0" branch="false"/>
                <line number="162" hits="1" branch="false"/>
                <line number="164" hits="1" branch="false"/>
                <line number="165" hits="1" branch="false"/>
                <line number="166" hits="1" branch="false"/>
                <line number="167" hits="1" branch="false"/>
                <line number="169" hits="1" branch="false"/>
                <line number="170" hits="1" branch="false"/>
                <line number="171" hits="1" branch="false"/>
                <line number="172" hits="1" branch="false"/>
                <line number="173" hits="1" branch="false"/>
                <line number="174" hits="1" branch="false"/>
                <line number="175" hits="1" branch="false"/>
                <line number="176" hits="1" branch="false"/>
                <line number="177" hits="1" branch="false"/>
                <line number="178" hits="1" branch="false"/>
                <line number="179" hits="0" branch="false"/>
                <line number="180" hits="1" branch="false"/>
                <line number="181" hits="1" branch="false"/>
                <line number="182" hits="1" branch="false"/>
                <line number="183" hits="1" branch="false"/>
                <line number="184" hits="1" branch="false"/>
                <line number="185" hits="1" branch="false"/>
                <line number="186" hits="1" branch="false"/>
                <line number="187" hits="1" branch="false"/>
                <line number="188" hits="1" branch="false"/>
                <line number="189" hits="1" branch="false"/>
                <line number="190" hits="1" branch="false"/>
                <line number="191" hits="1" branch="false"/>
                <line number="195" hits="21" branch="false"/>
                <line number="196" hits="21" branch="false"/>
                <line number="197" hits="21" branch="false"/>
                <line number="198" hits="21" branch="false"/>
                <line number="199" hits="21" branch="false"/>
                <line number="200" hits="21" branch="false"/>
                <line number="203" hits="21" branch="false"/>
                <line number="204" hits="0" branch="false"/>
                <line number="206" hits="0" branch="false"/>
                <line number="207" hits="0" branch="false"/>
                <line number="208" hits="0" branch="false"/>
                <line number="212" hits="21" branch="false"/>
                <line number="215" hits="21" branch="false"/>
                <line number="217" hits="21" branch="false"/>
                <line number="219" hits="21" branch="false"/>
                <line number="222" hits="21" branch="false"/>
                <line number="225" hits="21" branch="false"/>
                <line number="226" hits="20" branch="false"/>
                <line number="227" hits="20" branch="false"/>
                <line number="228" hits="20" branch="false"/>
                <line number="229" hits="20" branch="false"/>
                <line number="230" hits="16" branch="false"/>
                <line number="231" hits="26" branch="false"/>
                <line number="232" hits="26" branch="false"/>
                <line number="234" hits="26" branch="false"/>
                <line number="235" hits="21" branch="false"/>
                <line number="236" hits="26" branch="false"/>
                <line number="237" hits="5" branch="false"/>
                <line number="238" hits="26" branch="false"/>
                <line number="241" hits="26" branch="false"/>
                <line number="242" hits="26" branch="false"/>
                <line number="243" hits="26" branch="false"/>
                <line number="244" hits="26" branch="false"/>
                <line number="245" hits="26" branch="false"/>
                <line number="248" hits="26" branch="false"/>
                <line number="251" hits="26" branch="false"/>
                <line number="252" hits="26" branch="false"/>
                <line number="253" hits="13" branch="false"/>
                <line number="254" hits="13" branch="false"/>
                <line number="255" hits="13" branch="false"/>
                <line number="256" hits="13" branch="false"/>
                <line number="257" hits="13" branch="false"/>
                <line number="258" hits="13" branch="false"/>
                <line number="259" hits="13" branch="false"/>
                <line number="260" hits="13" branch="false"/>
                <line number="261" hits="13" branch="false"/>
                <line number="262" hits="13" branch="false"/>
                <line number="263" hits="13" branch="false"/>
                <line number="264" hits="13" branch="false"/>
                <line number="268" hits="26" branch="false"/>
                <line number="269" hits="25" branch="false"/>
                <line number="270" hits="25" branch="false"/>
                <line number="271" hits="25" branch="false"/>
                <line number="272" hits="25" branch="false"/>
                <line number="273" hits="25" branch="false"/>
                <line number="275" hits="25" branch="false"/>
                <line number="276" hits="25" branch="false"/>
                <line number="283" hits="21" branch="false"/>
                <line number="285" hits="21" branch="false"/>
                <line number="286" hits="21" branch="false"/>
                <line number="287" hits="21" branch="false"/>
                <line number="288" hits="21" branch="false"/>
                <line number="289" hits="21" branch="false"/>
                <line number="290" hits="21" branch="false"/>
                <line number="291" hits="21" branch="false"/>
                <line number="294" hits="21" branch="false"/>
                <line number="295" hits="18" branch="false"/>
                <line number="296" hits="28" branch="false"/>
                <line number="297" hits="28" branch="false"/>
                <line number="298" hits="28" branch="false"/>
                <line number="299" hits="28" branch="false"/>
                <line number="300" hits="28" branch="false"/>
                <line number="301" hits="28" branch="false"/>
                <line number="302" hits="28" branch="false"/>
                <line number="307" hits="21" branch="false"/>
                <line number="308" hits="21" branch="false"/>
                <line number="311" hits="21" branch="false"/>
                <line number="312" hits="21" branch="false"/>
                <line number="313" hits="21" branch="false"/>
                <line number="316" hits="21" branch="false"/>
                <line number="317" hits="21" branch="false"/>
                <line number="318" hits="21" branch="false"/>
                <line number="321" hits="21" branch="false"/>
                <line number="322" hits="21" branch="false"/>
                <line number="324" hits="21" branch="false"/>
                <line number="326" hits="0" branch="false"/>
                <line number="330" hits="21" branch="false"/>
                <line number="331" hits="378" branch="false"/>
                <line number="332" hits="378" branch="false"/>
                <line number="333" hits="378" branch="false"/>
                <line number="334" hits="378" branch="false"/>
                <line number="335" hits="378" branch="false"/>
                <line number="336" hits="378" branch="false"/>
                <line number="341" hits="21" branch="false"/>
                <line number="342" hits="49" branch="false"/>
                <line number="343" hits="49" branch="false"/>
                <line number="344" hits="49" branch="false"/>
                <line number="351" hits="49" branch="false"/>
                <line number="352" hits="49" branch="false"/>
                <line number="353" hits="49" branch="false"/>
                <line number="354" hits="49" branch="false"/>
                <line number="355" hits="49" branch="false"/>
                <line number="356" hits="49" branch="false"/>
                <line number="360" hits="21" branch="false"/>
                <line number="361" hits="5" branch="false"/>
                <line number="362" hits="5" branch="false"/>
                <line number="366" hits="21" branch="false"/>
                <line number="367" hits="9" branch="false"/>
                <line number="368" hits="9" branch="false"/>
                <line number="372" hits="21" branch="false"/>
                <line number="375" hits="20" branch="false"/>
                <line number="376" hits="20" branch="false"/>
                <line number="379" hits="20" branch="false"/>
                <line number="381" hits="18" branch="false"/>
                <line number="385" hits="20" branch="false"/>
                <line number="386" hits="9" branch="false"/>
                <line number="387" hits="9" branch="false"/>
                <line number="388" hits="9" branch="false"/>
                <line number="389" hits="9" branch="false"/>
                <line number="390" hits="9" branch="false"/>
                <line number="394" hits="19" branch="false"/>
                <line number="396" hits="19" branch="false"/>
                <line number="399" hits="19" branch="false"/>
                <line number="400" hits="19" branch="false"/>
                <line number="401" hits="19" branch="false"/>
                <line number="402" hits="19" branch="false"/>
                <line number="403" hits="19" branch="false"/>
                <line number="404" hits="19" branch="false"/>
                <line number="405" hits="19" branch="false"/>
                <line number="406" hits="19" branch="false"/>
                <line number="409" hits="19" branch="false"/>
                <line number="411" hits="19" branch="false"/>
              </lines>
            </method>
            <method name=".tab_to_colpath_set" signature="" line-rate="1" branch-rate="0" complexity="0">
              <lines>
                <line number="417" hits="6" branch="false"/>
                <line number="418" hits="6" branch="false"/>
                <line number="419" hits="6" branch="false"/>
                <line number="420" hits="6" branch="false"/>
                <line number="421" hits="6" branch="false"/>
              </lines>
            </method>
            <method name=".figure_out_colinds" signature="" line-rate="1" branch-rate="0" complexity="0">
              <lines>
                <line number="424" hits="3" branch="false"/>
                <line number="425" hits="3" branch="false"/>
                <line number="426" hits="3" branch="false"/>
                <line number="427" hits="3" branch="false"/>
              </lines>
            </method>
            <method name=".add_titles_as_header" signature="" line-rate="1" branch-rate="0" complexity="0">
              <lines>
                <line number="431" hits="9" branch="false"/>
                <line number="433" hits="9" branch="false"/>
                <line number="434" hits="9" branch="false"/>
                <line number="436" hits="9" branch="false"/>
                <line number="437" hits="9" branch="false"/>
                <line number="438" hits="9" branch="false"/>
                <line number="439" hits="9" branch="false"/>
                <line number="440" hits="9" branch="false"/>
                <line number="441" hits="9" branch="false"/>
                <line number="442" hits="9" branch="false"/>
                <line number="443" hits="9" branch="false"/>
                <line number="445" hits="9" branch="false"/>
                <line number="446" hits="6" branch="false"/>
                <line number="447" hits="3" branch="false"/>
                <line number="448" hits="2" branch="false"/>
                <line number="449" hits="1" branch="false"/>
                <line number="451" hits="1" branch="false"/>
                <line number="454" hits="8" branch="false"/>
              </lines>
            </method>
            <method name=".apply_themes" signature="" line-rate="1" branch-rate="0" complexity="0">
              <lines>
                <line number="458" hits="21" branch="false"/>
                <line number="459" hits="1" branch="false"/>
                <line number="462" hits="20" branch="false"/>
                <line number="464" hits="20" branch="false"/>
                <line number="465" hits="20" branch="false"/>
                <line number="466" hits="20" branch="false"/>
                <line number="467" hits="20" branch="false"/>
                <line number="468" hits="20" branch="false"/>
                <line number="471" hits="19" branch="false"/>
              </lines>
            </method>
            <method name=".extract_fontspec" signature="" line-rate="1" branch-rate="0" complexity="0">
              <lines>
                <line number="475" hits="20" branch="false"/>
                <line number="476" hits="20" branch="false"/>
                <line number="477" hits="20" branch="false"/>
                <line number="479" hits="20" branch="false"/>
              </lines>
            </method>
            <method name=".apply_alignments" signature="" line-rate="1" branch-rate="0" complexity="0">
              <lines>
                <line number="484" hits="42" branch="false"/>
                <line number="487" hits="42" branch="false"/>
                <line number="488" hits="84" branch="false"/>
                <line number="489" hits="84" branch="false"/>
                <line number="490" hits="84" branch="false"/>
                <line number="491" hits="84" branch="false"/>
                <line number="492" hits="84" branch="false"/>
                <line number="493" hits="84" branch="false"/>
                <line number="494" hits="84" branch="false"/>
                <line number="495" hits="84" branch="false"/>
                <line number="496" hits="84" branch="false"/>
                <line number="499" hits="42" branch="false"/>
              </lines>
            </method>
            <method name=".remove_hborder" signature="" line-rate="1" branch-rate="0" complexity="0">
              <lines>
                <line number="506" hits="42" branch="false"/>
                <line number="507" hits="21" branch="false"/>
                <line number="510" hits="42" branch="false"/>
                <line number="511" hits="21" branch="false"/>
                <line number="512" hits="21" branch="false"/>
                <line number="513" hits="21" branch="false"/>
                <line number="514" hits="21" branch="false"/>
                <line number="516" hits="42" branch="false"/>
                <line number="517" hits="42" branch="false"/>
                <line number="518" hits="42" branch="false"/>
                <line number="519" hits="42" branch="false"/>
                <line number="520" hits="42" branch="false"/>
                <line number="523" hits="42" branch="false"/>
                <line number="524" hits="21" branch="false"/>
                <line number="525" hits="21" branch="false"/>
                <line number="526" hits="21" branch="false"/>
                <line number="527" hits="21" branch="false"/>
                <line number="528" hits="21" branch="false"/>
                <line number="530" hits="42" branch="false"/>
              </lines>
            </method>
            <method name=".add_hborder" signature="" line-rate="1" branch-rate="0" complexity="0">
              <lines>
                <line number="535" hits="35" branch="false"/>
                <line number="536" hits="21" branch="false"/>
                <line number="537" hits="21" branch="false"/>
                <line number="539" hits="35" branch="false"/>
                <line number="540" hits="35" branch="false"/>
                <line number="542" hits="35" branch="false"/>
              </lines>
            </method>
          </methods>
          <lines>
            <line number="117" hits="22" branch="false"/>
            <line number="118" hits="0" branch="false"/>
            <line number="120" hits="22" branch="false"/>
            <line number="121" hits="22" branch="false"/>
            <line number="122" hits="22" branch="false"/>
            <line number="123" hits="22" branch="false"/>
            <line number="124" hits="22" branch="false"/>
            <line number="125" hits="22" branch="false"/>
            <line number="126" hits="22" branch="false"/>
            <line number="127" hits="22" branch="false"/>
            <line number="128" hits="2" branch="false"/>
            <line number="131" hits="22" branch="false"/>
            <line number="134" hits="22" branch="false"/>
            <line number="137" hits="1" branch="false"/>
            <line number="140" hits="1" branch="false"/>
            <line number="143" hits="1" branch="false"/>
            <line number="146" hits="1" branch="false"/>
            <line number="147" hits="1" branch="false"/>
            <line number="148" hits="1" branch="false"/>
            <line number="149" hits="1" branch="false"/>
            <line number="150" hits="1" branch="false"/>
            <line number="153" hits="1" branch="false"/>
            <line number="154" hits="1" branch="false"/>
            <line number="155" hits="1" branch="false"/>
            <line number="156" hits="1" branch="false"/>
            <line number="157" hits="1" branch="false"/>
            <line number="158" hits="1" branch="false"/>
            <line number="159" hits="1" branch="false"/>
            <line number="160" hits="1" branch="false"/>
            <line number="161" hits="0" branch="false"/>
            <line number="162" hits="1" branch="false"/>
            <line number="164" hits="1" branch="false"/>
            <line number="165" hits="1" branch="false"/>
            <line number="166" hits="1" branch="false"/>
            <line number="167" hits="1" branch="false"/>
            <line number="169" hits="1" branch="false"/>
            <line number="170" hits="1" branch="false"/>
            <line number="171" hits="1" branch="false"/>
            <line number="172" hits="1" branch="false"/>
            <line number="173" hits="1" branch="false"/>
            <line number="174" hits="1" branch="false"/>
            <line number="175" hits="1" branch="false"/>
            <line number="176" hits="1" branch="false"/>
            <line number="177" hits="1" branch="false"/>
            <line number="178" hits="1" branch="false"/>
            <line number="179" hits="0" branch="false"/>
            <line number="180" hits="1" branch="false"/>
            <line number="181" hits="1" branch="false"/>
            <line number="182" hits="1" branch="false"/>
            <line number="183" hits="1" branch="false"/>
            <line number="184" hits="1" branch="false"/>
            <line number="185" hits="1" branch="false"/>
            <line number="186" hits="1" branch="false"/>
            <line number="187" hits="1" branch="false"/>
            <line number="188" hits="1" branch="false"/>
            <line number="189" hits="1" branch="false"/>
            <line number="190" hits="1" branch="false"/>
            <line number="191" hits="1" branch="false"/>
            <line number="195" hits="21" branch="false"/>
            <line number="196" hits="21" branch="false"/>
            <line number="197" hits="21" branch="false"/>
            <line number="198" hits="21" branch="false"/>
            <line number="199" hits="21" branch="false"/>
            <line number="200" hits="21" branch="false"/>
            <line number="203" hits="21" branch="false"/>
            <line number="204" hits="0" branch="false"/>
            <line number="206" hits="0" branch="false"/>
            <line number="207" hits="0" branch="false"/>
            <line number="208" hits="0" branch="false"/>
            <line number="212" hits="21" branch="false"/>
            <line number="215" hits="21" branch="false"/>
            <line number="217" hits="21" branch="false"/>
            <line number="219" hits="21" branch="false"/>
            <line number="222" hits="21" branch="false"/>
            <line number="225" hits="21" branch="false"/>
            <line number="226" hits="20" branch="false"/>
            <line number="227" hits="20" branch="false"/>
            <line number="228" hits="20" branch="false"/>
            <line number="229" hits="20" branch="false"/>
            <line number="230" hits="16" branch="false"/>
            <line number="231" hits="26" branch="false"/>
            <line number="232" hits="26" branch="false"/>
            <line number="234" hits="26" branch="false"/>
            <line number="235" hits="21" branch="false"/>
            <line number="236" hits="26" branch="false"/>
            <line number="237" hits="5" branch="false"/>
            <line number="238" hits="26" branch="false"/>
            <line number="241" hits="26" branch="false"/>
            <line number="242" hits="26" branch="false"/>
            <line number="243" hits="26" branch="false"/>
            <line number="244" hits="26" branch="false"/>
            <line number="245" hits="26" branch="false"/>
            <line number="248" hits="26" branch="false"/>
            <line number="251" hits="26" branch="false"/>
            <line number="252" hits="26" branch="false"/>
            <line number="253" hits="13" branch="false"/>
            <line number="254" hits="13" branch="false"/>
            <line number="255" hits="13" branch="false"/>
            <line number="256" hits="13" branch="false"/>
            <line number="257" hits="13" branch="false"/>
            <line number="258" hits="13" branch="false"/>
            <line number="259" hits="13" branch="false"/>
            <line number="260" hits="13" branch="false"/>
            <line number="261" hits="13" branch="false"/>
            <line number="262" hits="13" branch="false"/>
            <line number="263" hits="13" branch="false"/>
            <line number="264" hits="13" branch="false"/>
            <line number="268" hits="26" branch="false"/>
            <line number="269" hits="25" branch="false"/>
            <line number="270" hits="25" branch="false"/>
            <line number="271" hits="25" branch="false"/>
            <line number="272" hits="25" branch="false"/>
            <line number="273" hits="25" branch="false"/>
            <line number="275" hits="25" branch="false"/>
            <line number="276" hits="25" branch="false"/>
            <line number="283" hits="21" branch="false"/>
            <line number="285" hits="21" branch="false"/>
            <line number="286" hits="21" branch="false"/>
            <line number="287" hits="21" branch="false"/>
            <line number="288" hits="21" branch="false"/>
            <line number="289" hits="21" branch="false"/>
            <line number="290" hits="21" branch="false"/>
            <line number="291" hits="21" branch="false"/>
            <line number="294" hits="21" branch="false"/>
            <line number="295" hits="18" branch="false"/>
            <line number="296" hits="28" branch="false"/>
            <line number="297" hits="28" branch="false"/>
            <line number="298" hits="28" branch="false"/>
            <line number="299" hits="28" branch="false"/>
            <line number="300" hits="28" branch="false"/>
            <line number="301" hits="28" branch="false"/>
            <line number="302" hits="28" branch="false"/>
            <line number="307" hits="21" branch="false"/>
            <line number="308" hits="21" branch="false"/>
            <line number="311" hits="21" branch="false"/>
            <line number="312" hits="21" branch="false"/>
            <line number="313" hits="21" branch="false"/>
            <line number="316" hits="21" branch="false"/>
            <line number="317" hits="21" branch="false"/>
            <line number="318" hits="21" branch="false"/>
            <line number="321" hits="21" branch="false"/>
            <line number="322" hits="21" branch="false"/>
            <line number="324" hits="21" branch="false"/>
            <line number="326" hits="0" branch="false"/>
            <line number="330" hits="21" branch="false"/>
            <line number="331" hits="378" branch="false"/>
            <line number="332" hits="378" branch="false"/>
            <line number="333" hits="378" branch="false"/>
            <line number="334" hits="378" branch="false"/>
            <line number="335" hits="378" branch="false"/>
            <line number="336" hits="378" branch="false"/>
            <line number="341" hits="21" branch="false"/>
            <line number="342" hits="49" branch="false"/>
            <line number="343" hits="49" branch="false"/>
            <line number="344" hits="49" branch="false"/>
            <line number="351" hits="49" branch="false"/>
            <line number="352" hits="49" branch="false"/>
            <line number="353" hits="49" branch="false"/>
            <line number="354" hits="49" branch="false"/>
            <line number="355" hits="49" branch="false"/>
            <line number="356" hits="49" branch="false"/>
            <line number="360" hits="21" branch="false"/>
            <line number="361" hits="5" branch="false"/>
            <line number="362" hits="5" branch="false"/>
            <line number="366" hits="21" branch="false"/>
            <line number="367" hits="9" branch="false"/>
            <line number="368" hits="9" branch="false"/>
            <line number="372" hits="21" branch="false"/>
            <line number="375" hits="20" branch="false"/>
            <line number="376" hits="20" branch="false"/>
            <line number="379" hits="20" branch="false"/>
            <line number="381" hits="18" branch="false"/>
            <line number="385" hits="20" branch="false"/>
            <line number="386" hits="9" branch="false"/>
            <line number="387" hits="9" branch="false"/>
            <line number="388" hits="9" branch="false"/>
            <line number="389" hits="9" branch="false"/>
            <line number="390" hits="9" branch="false"/>
            <line number="394" hits="19" branch="false"/>
            <line number="396" hits="19" branch="false"/>
            <line number="399" hits="19" branch="false"/>
            <line number="400" hits="19" branch="false"/>
            <line number="401" hits="19" branch="false"/>
            <line number="402" hits="19" branch="false"/>
            <line number="403" hits="19" branch="false"/>
            <line number="404" hits="19" branch="false"/>
            <line number="405" hits="19" branch="false"/>
            <line number="406" hits="19" branch="false"/>
            <line number="409" hits="19" branch="false"/>
            <line number="411" hits="19" branch="false"/>
            <line number="417" hits="6" branch="false"/>
            <line number="418" hits="6" branch="false"/>
            <line number="419" hits="6" branch="false"/>
            <line number="420" hits="6" branch="false"/>
            <line number="421" hits="6" branch="false"/>
            <line number="424" hits="3" branch="false"/>
            <line number="425" hits="3" branch="false"/>
            <line number="426" hits="3" branch="false"/>
            <line number="427" hits="3" branch="false"/>
            <line number="431" hits="9" branch="false"/>
            <line number="433" hits="9" branch="false"/>
            <line number="434" hits="9" branch="false"/>
            <line number="436" hits="9" branch="false"/>
            <line number="437" hits="9" branch="false"/>
            <line number="438" hits="9" branch="false"/>
            <line number="439" hits="9" branch="false"/>
            <line number="440" hits="9" branch="false"/>
            <line number="441" hits="9" branch="false"/>
            <line number="442" hits="9" branch="false"/>
            <line number="443" hits="9" branch="false"/>
            <line number="445" hits="9" branch="false"/>
            <line number="446" hits="6" branch="false"/>
            <line number="447" hits="3" branch="false"/>
            <line number="448" hits="2" branch="false"/>
            <line number="449" hits="1" branch="false"/>
            <line number="451" hits="1" branch="false"/>
            <line number="454" hits="8" branch="false"/>
            <line number="458" hits="21" branch="false"/>
            <line number="459" hits="1" branch="false"/>
            <line number="462" hits="20" branch="false"/>
            <line number="464" hits="20" branch="false"/>
            <line number="465" hits="20" branch="false"/>
            <line number="466" hits="20" branch="false"/>
            <line number="467" hits="20" branch="false"/>
            <line number="468" hits="20" branch="false"/>
            <line number="471" hits="19" branch="false"/>
            <line number="475" hits="20" branch="false"/>
            <line number="476" hits="20" branch="false"/>
            <line number="477" hits="20" branch="false"/>
            <line number="479" hits="20" branch="false"/>
            <line number="484" hits="42" branch="false"/>
            <line number="487" hits="42" branch="false"/>
            <line number="488" hits="84" branch="false"/>
            <line number="489" hits="84" branch="false"/>
            <line number="490" hits="84" branch="false"/>
            <line number="491" hits="84" branch="false"/>
            <line number="492" hits="84" branch="false"/>
            <line number="493" hits="84" branch="false"/>
            <line number="494" hits="84" branch="false"/>
            <line number="495" hits="84" branch="false"/>
            <line number="496" hits="84" branch="false"/>
            <line number="499" hits="42" branch="false"/>
            <line number="506" hits="42" branch="false"/>
            <line number="507" hits="21" branch="false"/>
            <line number="510" hits="42" branch="false"/>
            <line number="511" hits="21" branch="false"/>
            <line number="512" hits="21" branch="false"/>
            <line number="513" hits="21" branch="false"/>
            <line number="514" hits="21" branch="false"/>
            <line number="516" hits="42" branch="false"/>
            <line number="517" hits="42" branch="false"/>
            <line number="518" hits="42" branch="false"/>
            <line number="519" hits="42" branch="false"/>
            <line number="520" hits="42" branch="false"/>
            <line number="523" hits="42" branch="false"/>
            <line number="524" hits="21" branch="false"/>
            <line number="525" hits="21" branch="false"/>
            <line number="526" hits="21" branch="false"/>
            <line number="527" hits="21" branch="false"/>
            <line number="528" hits="21" branch="false"/>
            <line number="530" hits="42" branch="false"/>
            <line number="535" hits="35" branch="false"/>
            <line number="536" hits="21" branch="false"/>
            <line number="537" hits="21" branch="false"/>
            <line number="539" hits="35" branch="false"/>
            <line number="540" hits="35" branch="false"/>
            <line number="542" hits="35" branch="false"/>
          </lines>
        </class>
        <class name="export_as_docx.R" filename="R/export_as_docx.R" line-rate="0.842592592592593" branch-rate="0" complexity="0">
          <methods>
            <method name="export_as_docx" signature="" line-rate="0.761194029850746" branch-rate="0" complexity="0">
              <lines>
                <line number="60" hits="4" branch="false"/>
                <line number="63" hits="4" branch="false"/>
                <line number="64" hits="3" branch="false"/>
                <line number="65" hits="3" branch="false"/>
                <line number="66" hits="3" branch="false"/>
                <line number="67" hits="3" branch="false"/>
                <line number="68" hits="3" branch="false"/>
                <line number="69" hits="3" branch="false"/>
                <line number="70" hits="1" branch="false"/>
                <line number="71" hits="1" branch="false"/>
                <line number="72" hits="0" branch="false"/>
                <line number="73" hits="0" branch="false"/>
                <line number="74" hits="0" branch="false"/>
                <line number="75" hits="0" branch="false"/>
                <line number="76" hits="0" branch="false"/>
                <line number="77" hits="0" branch="false"/>
                <line number="78" hits="0" branch="false"/>
                <line number="79" hits="0" branch="false"/>
                <line number="80" hits="0" branch="false"/>
                <line number="81" hits="0" branch="false"/>
                <line number="82" hits="0" branch="false"/>
                <line number="83" hits="0" branch="false"/>
                <line number="84" hits="0" branch="false"/>
                <line number="86" hits="0" branch="false"/>
                <line number="89" hits="0" branch="false"/>
                <line number="93" hits="4" branch="false"/>
                <line number="94" hits="4" branch="false"/>
                <line number="98" hits="4" branch="false"/>
                <line number="99" hits="1" branch="false"/>
                <line number="103" hits="4" branch="false"/>
                <line number="104" hits="2" branch="false"/>
                <line number="106" hits="2" branch="false"/>
                <line number="110" hits="4" branch="false"/>
                <line number="113" hits="4" branch="false"/>
                <line number="114" hits="4" branch="false"/>
                <line number="115" hits="1" branch="false"/>
                <line number="116" hits="1" branch="false"/>
                <line number="117" hits="1" branch="false"/>
                <line number="118" hits="1" branch="false"/>
                <line number="119" hits="1" branch="false"/>
                <line number="120" hits="1" branch="false"/>
                <line number="121" hits="1" branch="false"/>
                <line number="122" hits="1" branch="false"/>
                <line number="124" hits="1" branch="false"/>
                <line number="125" hits="1" branch="false"/>
                <line number="126" hits="4" branch="false"/>
                <line number="127" hits="4" branch="false"/>
                <line number="128" hits="4" branch="false"/>
                <line number="129" hits="4" branch="false"/>
                <line number="132" hits="4" branch="false"/>
                <line number="133" hits="3" branch="false"/>
                <line number="134" hits="3" branch="false"/>
                <line number="135" hits="3" branch="false"/>
                <line number="140" hits="4" branch="false"/>
                <line number="141" hits="4" branch="false"/>
                <line number="143" hits="4" branch="false"/>
                <line number="144" hits="0" branch="false"/>
                <line number="149" hits="4" branch="false"/>
                <line number="152" hits="3" branch="false"/>
                <line number="153" hits="3" branch="false"/>
                <line number="154" hits="2" branch="false"/>
                <line number="157" hits="3" branch="false"/>
                <line number="158" hits="2" branch="false"/>
                <line number="162" hits="4" branch="false"/>
                <line number="164" hits="3" branch="false"/>
                <line number="168" hits="4" branch="false"/>
                <line number="170" hits="4" branch="false"/>
              </lines>
            </method>
            <method name=".extract_font_and_size_from_flx" signature="" line-rate="1" branch-rate="0" complexity="0">
              <lines>
                <line number="175" hits="4" branch="false"/>
                <line number="176" hits="4" branch="false"/>
                <line number="177" hits="4" branch="false"/>
                <line number="178" hits="1" branch="false"/>
                <line number="179" hits="4" branch="false"/>
                <line number="180" hits="3" branch="false"/>
                <line number="181" hits="4" branch="false"/>
                <line number="182" hits="4" branch="false"/>
                <line number="185" hits="4" branch="false"/>
                <line number="186" hits="4" branch="false"/>
                <line number="188" hits="4" branch="false"/>
              </lines>
            </method>
            <method name="add_text_par" signature="" line-rate="1" branch-rate="0" complexity="0">
              <lines>
                <line number="193" hits="7" branch="false"/>
                <line number="194" hits="17" branch="false"/>
                <line number="195" hits="17" branch="false"/>
                <line number="197" hits="7" branch="false"/>
              </lines>
            </method>
            <method name="section_properties_default" signature="" line-rate="1" branch-rate="0" complexity="0">
              <lines>
                <line number="207" hits="5" branch="false"/>
                <line number="208" hits="5" branch="false"/>
                <line number="209" hits="5" branch="false"/>
                <line number="210" hits="5" branch="false"/>
                <line number="211" hits="5" branch="false"/>
                <line number="212" hits="5" branch="false"/>
                <line number="213" hits="5" branch="false"/>
                <line number="214" hits="5" branch="false"/>
                <line number="215" hits="5" branch="false"/>
                <line number="216" hits="5" branch="false"/>
                <line number="218" hits="5" branch="false"/>
                <line number="219" hits="4" branch="false"/>
                <line number="220" hits="4" branch="false"/>
                <line number="221" hits="4" branch="false"/>
                <line number="222" hits="4" branch="false"/>
                <line number="224" hits="1" branch="false"/>
                <line number="225" hits="1" branch="false"/>
                <line number="226" hits="1" branch="false"/>
                <line number="227" hits="1" branch="false"/>
                <line number="231" hits="5" branch="false"/>
                <line number="232" hits="5" branch="false"/>
                <line number="233" hits="5" branch="false"/>
                <line number="234" hits="5" branch="false"/>
                <line number="235" hits="5" branch="false"/>
              </lines>
            </method>
            <method name="margins_potrait" signature="" line-rate="1" branch-rate="0" complexity="0">
              <lines>
                <line number="241" hits="5" branch="false"/>
              </lines>
            </method>
            <method name="margins_landscape" signature="" line-rate="0" branch-rate="0" complexity="0">
              <lines>
                <line number="246" hits="0" branch="false"/>
              </lines>
            </method>
          </methods>
          <lines>
            <line number="60" hits="4" branch="false"/>
            <line number="63" hits="4" branch="false"/>
            <line number="64" hits="3" branch="false"/>
            <line number="65" hits="3" branch="false"/>
            <line number="66" hits="3" branch="false"/>
            <line number="67" hits="3" branch="false"/>
            <line number="68" hits="3" branch="false"/>
            <line number="69" hits="3" branch="false"/>
            <line number="70" hits="1" branch="false"/>
            <line number="71" hits="1" branch="false"/>
            <line number="72" hits="0" branch="false"/>
            <line number="73" hits="0" branch="false"/>
            <line number="74" hits="0" branch="false"/>
            <line number="75" hits="0" branch="false"/>
            <line number="76" hits="0" branch="false"/>
            <line number="77" hits="0" branch="false"/>
            <line number="78" hits="0" branch="false"/>
            <line number="79" hits="0" branch="false"/>
            <line number="80" hits="0" branch="false"/>
            <line number="81" hits="0" branch="false"/>
            <line number="82" hits="0" branch="false"/>
            <line number="83" hits="0" branch="false"/>
            <line number="84" hits="0" branch="false"/>
            <line number="86" hits="0" branch="false"/>
            <line number="89" hits="0" branch="false"/>
            <line number="93" hits="4" branch="false"/>
            <line number="94" hits="4" branch="false"/>
            <line number="98" hits="4" branch="false"/>
            <line number="99" hits="1" branch="false"/>
            <line number="103" hits="4" branch="false"/>
            <line number="104" hits="2" branch="false"/>
            <line number="106" hits="2" branch="false"/>
            <line number="110" hits="4" branch="false"/>
            <line number="113" hits="4" branch="false"/>
            <line number="114" hits="4" branch="false"/>
            <line number="115" hits="1" branch="false"/>
            <line number="116" hits="1" branch="false"/>
            <line number="117" hits="1" branch="false"/>
            <line number="118" hits="1" branch="false"/>
            <line number="119" hits="1" branch="false"/>
            <line number="120" hits="1" branch="false"/>
            <line number="121" hits="1" branch="false"/>
            <line number="122" hits="1" branch="false"/>
            <line number="124" hits="1" branch="false"/>
            <line number="125" hits="1" branch="false"/>
            <line number="126" hits="4" branch="false"/>
            <line number="127" hits="4" branch="false"/>
            <line number="128" hits="4" branch="false"/>
            <line number="129" hits="4" branch="false"/>
            <line number="132" hits="4" branch="false"/>
            <line number="133" hits="3" branch="false"/>
            <line number="134" hits="3" branch="false"/>
            <line number="135" hits="3" branch="false"/>
            <line number="140" hits="4" branch="false"/>
            <line number="141" hits="4" branch="false"/>
            <line number="143" hits="4" branch="false"/>
            <line number="144" hits="0" branch="false"/>
            <line number="149" hits="4" branch="false"/>
            <line number="152" hits="3" branch="false"/>
            <line number="153" hits="3" branch="false"/>
            <line number="154" hits="2" branch="false"/>
            <line number="157" hits="3" branch="false"/>
            <line number="158" hits="2" branch="false"/>
            <line number="162" hits="4" branch="false"/>
            <line number="164" hits="3" branch="false"/>
            <line number="168" hits="4" branch="false"/>
            <line number="170" hits="4" branch="false"/>
            <line number="175" hits="4" branch="false"/>
            <line number="176" hits="4" branch="false"/>
            <line number="177" hits="4" branch="false"/>
            <line number="178" hits="1" branch="false"/>
            <line number="179" hits="4" branch="false"/>
            <line number="180" hits="3" branch="false"/>
            <line number="181" hits="4" branch="false"/>
            <line number="182" hits="4" branch="false"/>
            <line number="185" hits="4" branch="false"/>
            <line number="186" hits="4" branch="false"/>
            <line number="188" hits="4" branch="false"/>
            <line number="193" hits="7" branch="false"/>
            <line number="194" hits="17" branch="false"/>
            <line number="195" hits="17" branch="false"/>
            <line number="197" hits="7" branch="false"/>
            <line number="207" hits="5" branch="false"/>
            <line number="208" hits="5" branch="false"/>
            <line number="209" hits="5" branch="false"/>
            <line number="210" hits="5" branch="false"/>
            <line number="211" hits="5" branch="false"/>
            <line number="212" hits="5" branch="false"/>
            <line number="213" hits="5" branch="false"/>
            <line number="214" hits="5" branch="false"/>
            <line number="215" hits="5" branch="false"/>
            <line number="216" hits="5" branch="false"/>
            <line number="218" hits="5" branch="false"/>
            <line number="219" hits="4" branch="false"/>
            <line number="220" hits="4" branch="false"/>
            <line number="221" hits="4" branch="false"/>
            <line number="222" hits="4" branch="false"/>
            <line number="224" hits="1" branch="false"/>
            <line number="225" hits="1" branch="false"/>
            <line number="226" hits="1" branch="false"/>
            <line number="227" hits="1" branch="false"/>
            <line number="231" hits="5" branch="false"/>
            <line number="232" hits="5" branch="false"/>
            <line number="233" hits="5" branch="false"/>
            <line number="234" hits="5" branch="false"/>
            <line number="235" hits="5" branch="false"/>
            <line number="241" hits="5" branch="false"/>
            <line number="246" hits="0" branch="false"/>
          </lines>
        </class>
        <class name="theme_defaults.R" filename="R/theme_defaults.R" line-rate="0.915343915343915" branch-rate="0" complexity="0">
          <methods>
            <method name="theme_docx_default" signature="" line-rate="0.895522388059702" branch-rate="0" complexity="0">
              <lines>
                <line number="62" hits="14" branch="false"/>
                <line number="63" hits="14" branch="false"/>
                <line number="64" hits="0" branch="false"/>
                <line number="65" hits="0" branch="false"/>
                <line number="66" hits="0" branch="false"/>
                <line number="67" hits="0" branch="false"/>
                <line number="68" hits="14" branch="false"/>
                <line number="69" hits="14" branch="false"/>
                <line number="70" hits="14" branch="false"/>
                <line number="71" hits="14" branch="false"/>
                <line number="72" hits="14" branch="false"/>
                <line number="73" hits="14" branch="false"/>
                <line number="74" hits="14" branch="false"/>
                <line number="75" hits="14" branch="false"/>
                <line number="76" hits="0" branch="false"/>
                <line number="77" hits="14" branch="false"/>
                <line number="78" hits="14" branch="false"/>
                <line number="81" hits="14" branch="false"/>
                <line number="82" hits="14" branch="false"/>
                <line number="83" hits="14" branch="false"/>
                <line number="86" hits="14" branch="false"/>
                <line number="87" hits="14" branch="false"/>
                <line number="88" hits="14" branch="false"/>
                <line number="91" hits="14" branch="false"/>
                <line number="94" hits="14" branch="false"/>
                <line number="95" hits="14" branch="false"/>
                <line number="96" hits="14" branch="false"/>
                <line number="98" hits="14" branch="false"/>
                <line number="99" hits="14" branch="false"/>
                <line number="101" hits="14" branch="false"/>
                <line number="102" hits="14" branch="false"/>
                <line number="103" hits="14" branch="false"/>
                <line number="104" hits="14" branch="false"/>
                <line number="107" hits="14" branch="false"/>
                <line number="108" hits="14" branch="false"/>
                <line number="109" hits="14" branch="false"/>
                <line number="110" hits="14" branch="false"/>
                <line number="111" hits="14" branch="false"/>
                <line number="112" hits="14" branch="false"/>
                <line number="113" hits="14" branch="false"/>
                <line number="114" hits="6" branch="false"/>
                <line number="116" hits="6" branch="false"/>
                <line number="117" hits="6" branch="false"/>
                <line number="118" hits="6" branch="false"/>
                <line number="119" hits="14" branch="false"/>
                <line number="121" hits="14" branch="false"/>
                <line number="124" hits="14" branch="false"/>
                <line number="125" hits="14" branch="false"/>
                <line number="126" hits="14" branch="false"/>
                <line number="128" hits="14" branch="false"/>
                <line number="129" hits="14" branch="false"/>
                <line number="130" hits="0" branch="false"/>
                <line number="131" hits="14" branch="false"/>
                <line number="132" hits="14" branch="false"/>
                <line number="133" hits="14" branch="false"/>
                <line number="134" hits="14" branch="false"/>
                <line number="135" hits="14" branch="false"/>
                <line number="136" hits="0" branch="false"/>
                <line number="137" hits="14" branch="false"/>
                <line number="138" hits="14" branch="false"/>
                <line number="139" hits="14" branch="false"/>
                <line number="141" hits="14" branch="false"/>
                <line number="142" hits="14" branch="false"/>
                <line number="143" hits="14" branch="false"/>
                <line number="146" hits="14" branch="false"/>
                <line number="148" hits="14" branch="false"/>
                <line number="149" hits="14" branch="false"/>
              </lines>
            </method>
            <method name="theme_html_default" signature="" line-rate="0.906976744186046" branch-rate="0" complexity="0">
              <lines>
                <line number="187" hits="3" branch="false"/>
                <line number="188" hits="3" branch="false"/>
                <line number="189" hits="0" branch="false"/>
                <line number="190" hits="0" branch="false"/>
                <line number="191" hits="0" branch="false"/>
                <line number="192" hits="0" branch="false"/>
                <line number="193" hits="3" branch="false"/>
                <line number="194" hits="3" branch="false"/>
                <line number="195" hits="3" branch="false"/>
                <line number="196" hits="3" branch="false"/>
                <line number="197" hits="3" branch="false"/>
                <line number="198" hits="3" branch="false"/>
                <line number="199" hits="3" branch="false"/>
                <line number="200" hits="3" branch="false"/>
                <line number="203" hits="3" branch="false"/>
                <line number="204" hits="3" branch="false"/>
                <line number="205" hits="3" branch="false"/>
                <line number="206" hits="3" branch="false"/>
                <line number="209" hits="3" branch="false"/>
                <line number="210" hits="3" branch="false"/>
                <line number="211" hits="3" branch="false"/>
                <line number="214" hits="3" branch="false"/>
                <line number="216" hits="3" branch="false"/>
                <line number="217" hits="3" branch="false"/>
                <line number="218" hits="3" branch="false"/>
                <line number="219" hits="3" branch="false"/>
                <line number="220" hits="3" branch="false"/>
                <line number="221" hits="3" branch="false"/>
                <line number="222" hits="3" branch="false"/>
                <line number="223" hits="3" branch="false"/>
                <line number="224" hits="3" branch="false"/>
                <line number="225" hits="3" branch="false"/>
                <line number="226" hits="3" branch="false"/>
                <line number="227" hits="3" branch="false"/>
                <line number="228" hits="3" branch="false"/>
                <line number="229" hits="3" branch="false"/>
                <line number="230" hits="3" branch="false"/>
                <line number="231" hits="3" branch="false"/>
                <line number="232" hits="3" branch="false"/>
                <line number="233" hits="3" branch="false"/>
                <line number="234" hits="3" branch="false"/>
                <line number="236" hits="3" branch="false"/>
                <line number="237" hits="3" branch="false"/>
              </lines>
            </method>
            <method name=".add_borders" signature="" line-rate="1" branch-rate="0" complexity="0">
              <lines>
                <line number="245" hits="20" branch="false"/>
                <line number="246" hits="20" branch="false"/>
                <line number="247" hits="20" branch="false"/>
                <line number="248" hits="20" branch="false"/>
                <line number="249" hits="20" branch="false"/>
                <line number="250" hits="20" branch="false"/>
                <line number="251" hits="20" branch="false"/>
                <line number="252" hits="20" branch="false"/>
                <line number="253" hits="20" branch="false"/>
                <line number="254" hits="20" branch="false"/>
                <line number="255" hits="20" branch="false"/>
                <line number="256" hits="20" branch="false"/>
                <line number="257" hits="20" branch="false"/>
                <line number="258" hits="20" branch="false"/>
                <line number="259" hits="20" branch="false"/>
                <line number="260" hits="20" branch="false"/>
                <line number="261" hits="20" branch="false"/>
                <line number="262" hits="20" branch="false"/>
                <line number="263" hits="20" branch="false"/>
                <line number="264" hits="20" branch="false"/>
                <line number="265" hits="20" branch="false"/>
                <line number="268" hits="20" branch="false"/>
                <line number="269" hits="20" branch="false"/>
                <line number="270" hits="20" branch="false"/>
                <line number="271" hits="47" branch="false"/>
                <line number="272" hits="47" branch="false"/>
                <line number="273" hits="47" branch="false"/>
                <line number="274" hits="47" branch="false"/>
                <line number="276" hits="20" branch="false"/>
                <line number="277" hits="47" branch="false"/>
                <line number="278" hits="133" branch="false"/>
                <line number="279" hits="130" branch="false"/>
                <line number="280" hits="130" branch="false"/>
                <line number="281" hits="130" branch="false"/>
                <line number="282" hits="130" branch="false"/>
                <line number="283" hits="130" branch="false"/>
                <line number="288" hits="20" branch="false"/>
              </lines>
            </method>
            <method name=".apply_bold_manual" signature="" line-rate="1" branch-rate="0" complexity="0">
              <lines>
                <line number="292" hits="17" branch="false"/>
                <line number="293" hits="15" branch="false"/>
                <line number="295" hits="2" branch="false"/>
                <line number="296" hits="2" branch="false"/>
                <line number="297" hits="2" branch="false"/>
                <line number="298" hits="2" branch="false"/>
                <line number="299" hits="3" branch="false"/>
                <line number="300" hits="3" branch="false"/>
                <line number="301" hits="3" branch="false"/>
                <line number="302" hits="1" branch="false"/>
                <line number="303" hits="1" branch="false"/>
                <line number="304" hits="1" branch="false"/>
                <line number="305" hits="1" branch="false"/>
                <line number="307" hits="2" branch="false"/>
                <line number="308" hits="2" branch="false"/>
                <line number="309" hits="2" branch="false"/>
                <line number="310" hits="2" branch="false"/>
                <line number="313" hits="1" branch="false"/>
              </lines>
            </method>
            <method name=".apply_indentation_and_margin" signature="" line-rate="1" branch-rate="0" complexity="0">
              <lines>
                <line number="317" hits="17" branch="false"/>
                <line number="318" hits="17" branch="false"/>
                <line number="319" hits="17" branch="false"/>
                <line number="320" hits="17" branch="false"/>
                <line number="321" hits="17" branch="false"/>
                <line number="324" hits="17" branch="false"/>
                <line number="325" hits="17" branch="false"/>
                <line number="326" hits="17" branch="false"/>
                <line number="327" hits="17" branch="false"/>
                <line number="328" hits="17" branch="false"/>
                <line number="331" hits="17" branch="false"/>
                <line number="332" hits="17" branch="false"/>
                <line number="333" hits="17" branch="false"/>
                <line number="334" hits="17" branch="false"/>
                <line number="335" hits="17" branch="false"/>
                <line number="336" hits="17" branch="false"/>
                <line number="337" hits="17" branch="false"/>
                <line number="339" hits="17" branch="false"/>
              </lines>
            </method>
            <method name="remove_vborder" signature="" line-rate="0" branch-rate="0" complexity="0">
              <lines>
                <line number="344" hits="0" branch="false"/>
                <line number="345" hits="0" branch="false"/>
                <line number="346" hits="0" branch="false"/>
                <line number="347" hits="0" branch="false"/>
                <line number="348" hits="0" branch="false"/>
              </lines>
            </method>
            <method name="word_mm_to_pt" signature="" line-rate="1" branch-rate="0" complexity="0">
              <lines>
                <line number="357" hits="120" branch="false"/>
              </lines>
            </method>
          </methods>
          <lines>
            <line number="62" hits="14" branch="false"/>
            <line number="63" hits="14" branch="false"/>
            <line number="64" hits="0" branch="false"/>
            <line number="65" hits="0" branch="false"/>
            <line number="66" hits="0" branch="false"/>
            <line number="67" hits="0" branch="false"/>
            <line number="68" hits="14" branch="false"/>
            <line number="69" hits="14" branch="false"/>
            <line number="70" hits="14" branch="false"/>
            <line number="71" hits="14" branch="false"/>
            <line number="72" hits="14" branch="false"/>
            <line number="73" hits="14" branch="false"/>
            <line number="74" hits="14" branch="false"/>
            <line number="75" hits="14" branch="false"/>
            <line number="76" hits="0" branch="false"/>
            <line number="77" hits="14" branch="false"/>
            <line number="78" hits="14" branch="false"/>
            <line number="81" hits="14" branch="false"/>
            <line number="82" hits="14" branch="false"/>
            <line number="83" hits="14" branch="false"/>
            <line number="86" hits="14" branch="false"/>
            <line number="87" hits="14" branch="false"/>
            <line number="88" hits="14" branch="false"/>
            <line number="91" hits="14" branch="false"/>
            <line number="94" hits="14" branch="false"/>
            <line number="95" hits="14" branch="false"/>
            <line number="96" hits="14" branch="false"/>
            <line number="98" hits="14" branch="false"/>
            <line number="99" hits="14" branch="false"/>
            <line number="101" hits="14" branch="false"/>
            <line number="102" hits="14" branch="false"/>
            <line number="103" hits="14" branch="false"/>
            <line number="104" hits="14" branch="false"/>
            <line number="107" hits="14" branch="false"/>
            <line number="108" hits="14" branch="false"/>
            <line number="109" hits="14" branch="false"/>
            <line number="110" hits="14" branch="false"/>
            <line number="111" hits="14" branch="false"/>
            <line number="112" hits="14" branch="false"/>
            <line number="113" hits="14" branch="false"/>
            <line number="114" hits="6" branch="false"/>
            <line number="116" hits="6" branch="false"/>
            <line number="117" hits="6" branch="false"/>
            <line number="118" hits="6" branch="false"/>
            <line number="119" hits="14" branch="false"/>
            <line number="121" hits="14" branch="false"/>
            <line number="124" hits="14" branch="false"/>
            <line number="125" hits="14" branch="false"/>
            <line number="126" hits="14" branch="false"/>
            <line number="128" hits="14" branch="false"/>
            <line number="129" hits="14" branch="false"/>
            <line number="130" hits="0" branch="false"/>
            <line number="131" hits="14" branch="false"/>
            <line number="132" hits="14" branch="false"/>
            <line number="133" hits="14" branch="false"/>
            <line number="134" hits="14" branch="false"/>
            <line number="135" hits="14" branch="false"/>
            <line number="136" hits="0" branch="false"/>
            <line number="137" hits="14" branch="false"/>
            <line number="138" hits="14" branch="false"/>
            <line number="139" hits="14" branch="false"/>
            <line number="141" hits="14" branch="false"/>
            <line number="142" hits="14" branch="false"/>
            <line number="143" hits="14" branch="false"/>
            <line number="146" hits="14" branch="false"/>
            <line number="148" hits="14" branch="false"/>
            <line number="149" hits="14" branch="false"/>
            <line number="187" hits="3" branch="false"/>
            <line number="188" hits="3" branch="false"/>
            <line number="189" hits="0" branch="false"/>
            <line number="190" hits="0" branch="false"/>
            <line number="191" hits="0" branch="false"/>
            <line number="192" hits="0" branch="false"/>
            <line number="193" hits="3" branch="false"/>
            <line number="194" hits="3" branch="false"/>
            <line number="195" hits="3" branch="false"/>
            <line number="196" hits="3" branch="false"/>
            <line number="197" hits="3" branch="false"/>
            <line number="198" hits="3" branch="false"/>
            <line number="199" hits="3" branch="false"/>
            <line number="200" hits="3" branch="false"/>
            <line number="203" hits="3" branch="false"/>
            <line number="204" hits="3" branch="false"/>
            <line number="205" hits="3" branch="false"/>
            <line number="206" hits="3" branch="false"/>
            <line number="209" hits="3" branch="false"/>
            <line number="210" hits="3" branch="false"/>
            <line number="211" hits="3" branch="false"/>
            <line number="214" hits="3" branch="false"/>
            <line number="216" hits="3" branch="false"/>
            <line number="217" hits="3" branch="false"/>
            <line number="218" hits="3" branch="false"/>
            <line number="219" hits="3" branch="false"/>
            <line number="220" hits="3" branch="false"/>
            <line number="221" hits="3" branch="false"/>
            <line number="222" hits="3" branch="false"/>
            <line number="223" hits="3" branch="false"/>
            <line number="224" hits="3" branch="false"/>
            <line number="225" hits="3" branch="false"/>
            <line number="226" hits="3" branch="false"/>
            <line number="227" hits="3" branch="false"/>
            <line number="228" hits="3" branch="false"/>
            <line number="229" hits="3" branch="false"/>
            <line number="230" hits="3" branch="false"/>
            <line number="231" hits="3" branch="false"/>
            <line number="232" hits="3" branch="false"/>
            <line number="233" hits="3" branch="false"/>
            <line number="234" hits="3" branch="false"/>
            <line number="236" hits="3" branch="false"/>
            <line number="237" hits="3" branch="false"/>
            <line number="245" hits="20" branch="false"/>
            <line number="246" hits="20" branch="false"/>
            <line number="247" hits="20" branch="false"/>
            <line number="248" hits="20" branch="false"/>
            <line number="249" hits="20" branch="false"/>
            <line number="250" hits="20" branch="false"/>
            <line number="251" hits="20" branch="false"/>
            <line number="252" hits="20" branch="false"/>
            <line number="253" hits="20" branch="false"/>
            <line number="254" hits="20" branch="false"/>
            <line number="255" hits="20" branch="false"/>
            <line number="256" hits="20" branch="false"/>
            <line number="257" hits="20" branch="false"/>
            <line number="258" hits="20" branch="false"/>
            <line number="259" hits="20" branch="false"/>
            <line number="260" hits="20" branch="false"/>
            <line number="261" hits="20" branch="false"/>
            <line number="262" hits="20" branch="false"/>
            <line number="263" hits="20" branch="false"/>
            <line number="264" hits="20" branch="false"/>
            <line number="265" hits="20" branch="false"/>
            <line number="268" hits="20" branch="false"/>
            <line number="269" hits="20" branch="false"/>
            <line number="270" hits="20" branch="false"/>
            <line number="271" hits="47" branch="false"/>
            <line number="272" hits="47" branch="false"/>
            <line number="273" hits="47" branch="false"/>
            <line number="274" hits="47" branch="false"/>
            <line number="276" hits="20" branch="false"/>
            <line number="277" hits="47" branch="false"/>
            <line number="278" hits="133" branch="false"/>
            <line number="279" hits="130" branch="false"/>
            <line number="280" hits="130" branch="false"/>
            <line number="281" hits="130" branch="false"/>
            <line number="282" hits="130" branch="false"/>
            <line number="283" hits="130" branch="false"/>
            <line number="288" hits="20" branch="false"/>
            <line number="292" hits="17" branch="false"/>
            <line number="293" hits="15" branch="false"/>
            <line number="295" hits="2" branch="false"/>
            <line number="296" hits="2" branch="false"/>
            <line number="297" hits="2" branch="false"/>
            <line number="298" hits="2" branch="false"/>
            <line number="299" hits="3" branch="false"/>
            <line number="300" hits="3" branch="false"/>
            <line number="301" hits="3" branch="false"/>
            <line number="302" hits="1" branch="false"/>
            <line number="303" hits="1" branch="false"/>
            <line number="304" hits="1" branch="false"/>
            <line number="305" hits="1" branch="false"/>
            <line number="307" hits="2" branch="false"/>
            <line number="308" hits="2" branch="false"/>
            <line number="309" hits="2" branch="false"/>
            <line number="310" hits="2" branch="false"/>
            <line number="313" hits="1" branch="false"/>
            <line number="317" hits="17" branch="false"/>
            <line number="318" hits="17" branch="false"/>
            <line number="319" hits="17" branch="false"/>
            <line number="320" hits="17" branch="false"/>
            <line number="321" hits="17" branch="false"/>
            <line number="324" hits="17" branch="false"/>
            <line number="325" hits="17" branch="false"/>
            <line number="326" hits="17" branch="false"/>
            <line number="327" hits="17" branch="false"/>
            <line number="328" hits="17" branch="false"/>
            <line number="331" hits="17" branch="false"/>
            <line number="332" hits="17" branch="false"/>
            <line number="333" hits="17" branch="false"/>
            <line number="334" hits="17" branch="false"/>
            <line number="335" hits="17" branch="false"/>
            <line number="336" hits="17" branch="false"/>
            <line number="337" hits="17" branch="false"/>
            <line number="339" hits="17" branch="false"/>
            <line number="344" hits="0" branch="false"/>
            <line number="345" hits="0" branch="false"/>
            <line number="346" hits="0" branch="false"/>
            <line number="347" hits="0" branch="false"/>
            <line number="348" hits="0" branch="false"/>
            <line number="357" hits="120" branch="false"/>
          </lines>
        </class>
      </classes>
    </package>
  </packages>
</coverage>
