<?xml version="1.0" encoding="UTF-8"?>
<!DOCTYPE coverage SYSTEM "https://raw.githubusercontent.com/cobertura/cobertura/master/cobertura/src/site/htdocs/xml/coverage-04.dtd">
<coverage line-rate="0.907142857142857" branch-rate="0" lines-covered="508" lines-valid="560" branches-covered="0" branches-valid="0" complexity="0" version="3.6.4" timestamp="2024-12-13 10:44:48.859226">
  <sources>
    <source>/__w/rtables.officer/rtables.officer/rtables.officer</source>
  </sources>
  <packages>
    <package name="rtables.officer" line-rate="0.907142857142857" branch-rate="0" complexity="0">
      <classes>
        <class name="as_flextable.R" filename="R/as_flextable.R" line-rate="0.947019867549669" branch-rate="0" complexity="0">
          <methods>
            <method name="tt_to_flextable" signature="" line-rate="0.957446808510638" branch-rate="0" complexity="0">
              <lines>
                <line number="116" hits="22" branch="false"/>
                <line number="117" hits="0" branch="false"/>
                <line number="119" hits="22" branch="false"/>
                <line number="120" hits="22" branch="false"/>
                <line number="121" hits="22" branch="false"/>
                <line number="122" hits="22" branch="false"/>
                <line number="123" hits="22" branch="false"/>
                <line number="124" hits="22" branch="false"/>
                <line number="125" hits="22" branch="false"/>
                <line number="126" hits="22" branch="false"/>
                <line number="127" hits="2" branch="false"/>
                <line number="130" hits="22" branch="false"/>
                <line number="133" hits="22" branch="false"/>
                <line number="136" hits="1" branch="false"/>
                <line number="139" hits="1" branch="false"/>
                <line number="142" hits="1" branch="false"/>
                <line number="145" hits="1" branch="false"/>
                <line number="146" hits="1" branch="false"/>
                <line number="147" hits="1" branch="false"/>
                <line number="148" hits="1" branch="false"/>
                <line number="149" hits="1" branch="false"/>
                <line number="152" hits="1" branch="false"/>
                <line number="153" hits="1" branch="false"/>
                <line number="154" hits="1" branch="false"/>
                <line number="155" hits="1" branch="false"/>
                <line number="156" hits="1" branch="false"/>
                <line number="157" hits="1" branch="false"/>
                <line number="158" hits="1" branch="false"/>
                <line number="159" hits="1" branch="false"/>
                <line number="160" hits="0" branch="false"/>
                <line number="161" hits="1" branch="false"/>
                <line number="163" hits="1" branch="false"/>
                <line number="164" hits="1" branch="false"/>
                <line number="165" hits="1" branch="false"/>
                <line number="166" hits="1" branch="false"/>
                <line number="168" hits="1" branch="false"/>
                <line number="169" hits="1" branch="false"/>
                <line number="170" hits="1" branch="false"/>
                <line number="171" hits="1" branch="false"/>
                <line number="172" hits="1" branch="false"/>
                <line number="173" hits="1" branch="false"/>
                <line number="174" hits="1" branch="false"/>
                <line number="175" hits="1" branch="false"/>
                <line number="176" hits="1" branch="false"/>
                <line number="177" hits="1" branch="false"/>
                <line number="178" hits="0" branch="false"/>
                <line number="179" hits="1" branch="false"/>
                <line number="180" hits="1" branch="false"/>
                <line number="181" hits="1" branch="false"/>
                <line number="182" hits="1" branch="false"/>
                <line number="183" hits="1" branch="false"/>
                <line number="184" hits="1" branch="false"/>
                <line number="185" hits="1" branch="false"/>
                <line number="186" hits="1" branch="false"/>
                <line number="187" hits="1" branch="false"/>
                <line number="188" hits="1" branch="false"/>
                <line number="192" hits="21" branch="false"/>
                <line number="193" hits="21" branch="false"/>
                <line number="194" hits="21" branch="false"/>
                <line number="195" hits="21" branch="false"/>
                <line number="196" hits="21" branch="false"/>
                <line number="197" hits="21" branch="false"/>
                <line number="200" hits="21" branch="false"/>
                <line number="201" hits="0" branch="false"/>
                <line number="203" hits="0" branch="false"/>
                <line number="204" hits="0" branch="false"/>
                <line number="205" hits="0" branch="false"/>
                <line number="209" hits="21" branch="false"/>
                <line number="212" hits="21" branch="false"/>
                <line number="214" hits="21" branch="false"/>
                <line number="216" hits="21" branch="false"/>
                <line number="219" hits="21" branch="false"/>
                <line number="222" hits="21" branch="false"/>
                <line number="223" hits="20" branch="false"/>
                <line number="224" hits="20" branch="false"/>
                <line number="225" hits="20" branch="false"/>
                <line number="226" hits="20" branch="false"/>
                <line number="227" hits="16" branch="false"/>
                <line number="228" hits="26" branch="false"/>
                <line number="229" hits="26" branch="false"/>
                <line number="231" hits="26" branch="false"/>
                <line number="232" hits="21" branch="false"/>
                <line number="233" hits="26" branch="false"/>
                <line number="234" hits="5" branch="false"/>
                <line number="235" hits="26" branch="false"/>
                <line number="238" hits="26" branch="false"/>
                <line number="239" hits="26" branch="false"/>
                <line number="240" hits="26" branch="false"/>
                <line number="241" hits="26" branch="false"/>
                <line number="242" hits="26" branch="false"/>
                <line number="245" hits="26" branch="false"/>
                <line number="248" hits="26" branch="false"/>
                <line number="249" hits="26" branch="false"/>
                <line number="250" hits="13" branch="false"/>
                <line number="251" hits="13" branch="false"/>
                <line number="252" hits="13" branch="false"/>
                <line number="253" hits="13" branch="false"/>
                <line number="254" hits="13" branch="false"/>
                <line number="255" hits="13" branch="false"/>
                <line number="256" hits="13" branch="false"/>
                <line number="257" hits="13" branch="false"/>
                <line number="258" hits="13" branch="false"/>
                <line number="259" hits="13" branch="false"/>
                <line number="260" hits="13" branch="false"/>
                <line number="261" hits="13" branch="false"/>
                <line number="265" hits="26" branch="false"/>
                <line number="266" hits="25" branch="false"/>
                <line number="267" hits="25" branch="false"/>
                <line number="268" hits="25" branch="false"/>
                <line number="269" hits="25" branch="false"/>
                <line number="270" hits="25" branch="false"/>
                <line number="272" hits="25" branch="false"/>
                <line number="273" hits="25" branch="false"/>
                <line number="280" hits="21" branch="false"/>
                <line number="282" hits="21" branch="false"/>
                <line number="283" hits="21" branch="false"/>
                <line number="284" hits="21" branch="false"/>
                <line number="285" hits="21" branch="false"/>
                <line number="286" hits="21" branch="false"/>
                <line number="287" hits="21" branch="false"/>
                <line number="288" hits="21" branch="false"/>
                <line number="291" hits="21" branch="false"/>
                <line number="292" hits="18" branch="false"/>
                <line number="293" hits="28" branch="false"/>
                <line number="294" hits="28" branch="false"/>
                <line number="295" hits="28" branch="false"/>
                <line number="296" hits="28" branch="false"/>
                <line number="297" hits="28" branch="false"/>
                <line number="298" hits="28" branch="false"/>
                <line number="299" hits="28" branch="false"/>
                <line number="304" hits="21" branch="false"/>
                <line number="305" hits="21" branch="false"/>
                <line number="308" hits="21" branch="false"/>
                <line number="309" hits="21" branch="false"/>
                <line number="310" hits="21" branch="false"/>
                <line number="313" hits="21" branch="false"/>
                <line number="314" hits="21" branch="false"/>
                <line number="315" hits="21" branch="false"/>
                <line number="318" hits="21" branch="false"/>
                <line number="319" hits="21" branch="false"/>
                <line number="321" hits="21" branch="false"/>
                <line number="323" hits="0" branch="false"/>
                <line number="327" hits="21" branch="false"/>
                <line number="328" hits="378" branch="false"/>
                <line number="329" hits="378" branch="false"/>
                <line number="330" hits="378" branch="false"/>
                <line number="331" hits="378" branch="false"/>
                <line number="332" hits="378" branch="false"/>
                <line number="333" hits="378" branch="false"/>
                <line number="338" hits="21" branch="false"/>
                <line number="339" hits="49" branch="false"/>
                <line number="340" hits="49" branch="false"/>
                <line number="341" hits="49" branch="false"/>
                <line number="348" hits="49" branch="false"/>
                <line number="349" hits="49" branch="false"/>
                <line number="350" hits="49" branch="false"/>
                <line number="351" hits="49" branch="false"/>
                <line number="352" hits="49" branch="false"/>
                <line number="353" hits="49" branch="false"/>
                <line number="357" hits="21" branch="false"/>
                <line number="358" hits="5" branch="false"/>
                <line number="359" hits="5" branch="false"/>
                <line number="363" hits="21" branch="false"/>
                <line number="364" hits="9" branch="false"/>
                <line number="365" hits="9" branch="false"/>
                <line number="369" hits="21" branch="false"/>
                <line number="372" hits="20" branch="false"/>
                <line number="373" hits="20" branch="false"/>
                <line number="376" hits="20" branch="false"/>
                <line number="378" hits="18" branch="false"/>
                <line number="382" hits="20" branch="false"/>
                <line number="383" hits="9" branch="false"/>
                <line number="384" hits="9" branch="false"/>
                <line number="385" hits="9" branch="false"/>
                <line number="386" hits="9" branch="false"/>
                <line number="387" hits="9" branch="false"/>
                <line number="391" hits="19" branch="false"/>
                <line number="393" hits="19" branch="false"/>
                <line number="396" hits="19" branch="false"/>
                <line number="397" hits="19" branch="false"/>
                <line number="398" hits="19" branch="false"/>
                <line number="399" hits="19" branch="false"/>
                <line number="400" hits="19" branch="false"/>
                <line number="401" hits="19" branch="false"/>
                <line number="402" hits="19" branch="false"/>
                <line number="403" hits="19" branch="false"/>
                <line number="406" hits="19" branch="false"/>
                <line number="408" hits="19" branch="false"/>
              </lines>
            </method>
            <method name=".tab_to_colpath_set" signature="" line-rate="1" branch-rate="0" complexity="0">
              <lines>
                <line number="414" hits="6" branch="false"/>
                <line number="415" hits="6" branch="false"/>
                <line number="416" hits="6" branch="false"/>
                <line number="417" hits="6" branch="false"/>
                <line number="418" hits="6" branch="false"/>
              </lines>
            </method>
            <method name=".figure_out_colinds" signature="" line-rate="1" branch-rate="0" complexity="0">
              <lines>
                <line number="421" hits="3" branch="false"/>
                <line number="422" hits="3" branch="false"/>
                <line number="423" hits="3" branch="false"/>
                <line number="424" hits="3" branch="false"/>
              </lines>
            </method>
            <method name=".add_titles_as_header" signature="" line-rate="1" branch-rate="0" complexity="0">
              <lines>
                <line number="428" hits="9" branch="false"/>
                <line number="430" hits="9" branch="false"/>
                <line number="431" hits="9" branch="false"/>
                <line number="433" hits="9" branch="false"/>
                <line number="434" hits="9" branch="false"/>
                <line number="435" hits="9" branch="false"/>
                <line number="436" hits="9" branch="false"/>
                <line number="437" hits="9" branch="false"/>
                <line number="438" hits="9" branch="false"/>
                <line number="439" hits="9" branch="false"/>
                <line number="440" hits="9" branch="false"/>
                <line number="442" hits="9" branch="false"/>
                <line number="443" hits="6" branch="false"/>
                <line number="444" hits="3" branch="false"/>
                <line number="445" hits="2" branch="false"/>
                <line number="446" hits="1" branch="false"/>
                <line number="448" hits="1" branch="false"/>
                <line number="451" hits="8" branch="false"/>
              </lines>
            </method>
            <method name=".apply_themes" signature="" line-rate="1" branch-rate="0" complexity="0">
              <lines>
                <line number="455" hits="21" branch="false"/>
                <line number="456" hits="1" branch="false"/>
                <line number="459" hits="20" branch="false"/>
                <line number="461" hits="20" branch="false"/>
                <line number="462" hits="20" branch="false"/>
                <line number="463" hits="20" branch="false"/>
                <line number="464" hits="20" branch="false"/>
                <line number="465" hits="20" branch="false"/>
                <line number="468" hits="19" branch="false"/>
              </lines>
            </method>
            <method name=".extract_fontspec" signature="" line-rate="1" branch-rate="0" complexity="0">
              <lines>
                <line number="472" hits="20" branch="false"/>
                <line number="473" hits="20" branch="false"/>
                <line number="474" hits="20" branch="false"/>
                <line number="476" hits="20" branch="false"/>
              </lines>
            </method>
            <method name=".apply_alignments" signature="" line-rate="1" branch-rate="0" complexity="0">
              <lines>
                <line number="481" hits="42" branch="false"/>
                <line number="484" hits="42" branch="false"/>
                <line number="485" hits="84" branch="false"/>
                <line number="486" hits="84" branch="false"/>
                <line number="487" hits="84" branch="false"/>
                <line number="488" hits="84" branch="false"/>
                <line number="489" hits="84" branch="false"/>
                <line number="490" hits="84" branch="false"/>
                <line number="491" hits="84" branch="false"/>
                <line number="492" hits="84" branch="false"/>
                <line number="493" hits="84" branch="false"/>
                <line number="496" hits="42" branch="false"/>
              </lines>
            </method>
            <method name="theme_docx_default" signature="" line-rate="0.895522388059702" branch-rate="0" complexity="0">
              <lines>
                <line number="567" hits="14" branch="false"/>
                <line number="568" hits="14" branch="false"/>
                <line number="569" hits="0" branch="false"/>
                <line number="570" hits="0" branch="false"/>
                <line number="571" hits="0" branch="false"/>
                <line number="572" hits="0" branch="false"/>
                <line number="573" hits="14" branch="false"/>
                <line number="574" hits="14" branch="false"/>
                <line number="575" hits="14" branch="false"/>
                <line number="576" hits="14" branch="false"/>
                <line number="577" hits="14" branch="false"/>
                <line number="578" hits="14" branch="false"/>
                <line number="579" hits="14" branch="false"/>
                <line number="580" hits="14" branch="false"/>
                <line number="581" hits="0" branch="false"/>
                <line number="582" hits="14" branch="false"/>
                <line number="583" hits="14" branch="false"/>
                <line number="586" hits="14" branch="false"/>
                <line number="587" hits="14" branch="false"/>
                <line number="588" hits="14" branch="false"/>
                <line number="591" hits="14" branch="false"/>
                <line number="592" hits="14" branch="false"/>
                <line number="593" hits="14" branch="false"/>
                <line number="596" hits="14" branch="false"/>
                <line number="599" hits="14" branch="false"/>
                <line number="600" hits="14" branch="false"/>
                <line number="601" hits="14" branch="false"/>
                <line number="603" hits="14" branch="false"/>
                <line number="604" hits="14" branch="false"/>
                <line number="606" hits="14" branch="false"/>
                <line number="607" hits="14" branch="false"/>
                <line number="608" hits="14" branch="false"/>
                <line number="609" hits="14" branch="false"/>
                <line number="612" hits="14" branch="false"/>
                <line number="613" hits="14" branch="false"/>
                <line number="614" hits="14" branch="false"/>
                <line number="615" hits="14" branch="false"/>
                <line number="616" hits="14" branch="false"/>
                <line number="617" hits="14" branch="false"/>
                <line number="618" hits="14" branch="false"/>
                <line number="619" hits="6" branch="false"/>
                <line number="621" hits="6" branch="false"/>
                <line number="622" hits="6" branch="false"/>
                <line number="623" hits="6" branch="false"/>
                <line number="624" hits="14" branch="false"/>
                <line number="626" hits="14" branch="false"/>
                <line number="629" hits="14" branch="false"/>
                <line number="630" hits="14" branch="false"/>
                <line number="631" hits="14" branch="false"/>
                <line number="633" hits="14" branch="false"/>
                <line number="634" hits="14" branch="false"/>
                <line number="635" hits="0" branch="false"/>
                <line number="636" hits="14" branch="false"/>
                <line number="637" hits="14" branch="false"/>
                <line number="638" hits="14" branch="false"/>
                <line number="639" hits="14" branch="false"/>
                <line number="640" hits="14" branch="false"/>
                <line number="641" hits="0" branch="false"/>
                <line number="642" hits="14" branch="false"/>
                <line number="643" hits="14" branch="false"/>
                <line number="644" hits="14" branch="false"/>
                <line number="646" hits="14" branch="false"/>
                <line number="647" hits="14" branch="false"/>
                <line number="648" hits="14" branch="false"/>
                <line number="651" hits="14" branch="false"/>
                <line number="653" hits="14" branch="false"/>
                <line number="654" hits="14" branch="false"/>
              </lines>
            </method>
            <method name="theme_html_default" signature="" line-rate="0.906976744186046" branch-rate="0" complexity="0">
              <lines>
                <line number="667" hits="3" branch="false"/>
                <line number="668" hits="3" branch="false"/>
                <line number="669" hits="0" branch="false"/>
                <line number="670" hits="0" branch="false"/>
                <line number="671" hits="0" branch="false"/>
                <line number="672" hits="0" branch="false"/>
                <line number="673" hits="3" branch="false"/>
                <line number="674" hits="3" branch="false"/>
                <line number="675" hits="3" branch="false"/>
                <line number="676" hits="3" branch="false"/>
                <line number="677" hits="3" branch="false"/>
                <line number="678" hits="3" branch="false"/>
                <line number="679" hits="3" branch="false"/>
                <line number="680" hits="3" branch="false"/>
                <line number="683" hits="3" branch="false"/>
                <line number="684" hits="3" branch="false"/>
                <line number="685" hits="3" branch="false"/>
                <line number="686" hits="3" branch="false"/>
                <line number="689" hits="3" branch="false"/>
                <line number="690" hits="3" branch="false"/>
                <line number="691" hits="3" branch="false"/>
                <line number="694" hits="3" branch="false"/>
                <line number="696" hits="3" branch="false"/>
                <line number="697" hits="3" branch="false"/>
                <line number="698" hits="3" branch="false"/>
                <line number="699" hits="3" branch="false"/>
                <line number="700" hits="3" branch="false"/>
                <line number="701" hits="3" branch="false"/>
                <line number="702" hits="3" branch="false"/>
                <line number="703" hits="3" branch="false"/>
                <line number="704" hits="3" branch="false"/>
                <line number="705" hits="3" branch="false"/>
                <line number="706" hits="3" branch="false"/>
                <line number="707" hits="3" branch="false"/>
                <line number="708" hits="3" branch="false"/>
                <line number="709" hits="3" branch="false"/>
                <line number="710" hits="3" branch="false"/>
                <line number="711" hits="3" branch="false"/>
                <line number="712" hits="3" branch="false"/>
                <line number="713" hits="3" branch="false"/>
                <line number="714" hits="3" branch="false"/>
                <line number="716" hits="3" branch="false"/>
                <line number="717" hits="3" branch="false"/>
              </lines>
            </method>
            <method name=".add_borders" signature="" line-rate="1" branch-rate="0" complexity="0">
              <lines>
                <line number="722" hits="20" branch="false"/>
                <line number="723" hits="20" branch="false"/>
                <line number="725" hits="20" branch="false"/>
                <line number="726" hits="20" branch="false"/>
                <line number="727" hits="20" branch="false"/>
                <line number="728" hits="20" branch="false"/>
                <line number="729" hits="20" branch="false"/>
                <line number="730" hits="20" branch="false"/>
                <line number="731" hits="20" branch="false"/>
                <line number="732" hits="20" branch="false"/>
                <line number="733" hits="20" branch="false"/>
                <line number="734" hits="20" branch="false"/>
                <line number="735" hits="20" branch="false"/>
                <line number="736" hits="20" branch="false"/>
                <line number="737" hits="20" branch="false"/>
                <line number="738" hits="20" branch="false"/>
                <line number="739" hits="20" branch="false"/>
                <line number="740" hits="20" branch="false"/>
                <line number="741" hits="20" branch="false"/>
                <line number="742" hits="20" branch="false"/>
                <line number="745" hits="20" branch="false"/>
                <line number="746" hits="20" branch="false"/>
                <line number="747" hits="20" branch="false"/>
                <line number="748" hits="47" branch="false"/>
                <line number="749" hits="47" branch="false"/>
                <line number="750" hits="47" branch="false"/>
                <line number="751" hits="47" branch="false"/>
                <line number="753" hits="20" branch="false"/>
                <line number="754" hits="47" branch="false"/>
                <line number="755" hits="133" branch="false"/>
                <line number="756" hits="130" branch="false"/>
                <line number="757" hits="130" branch="false"/>
                <line number="758" hits="130" branch="false"/>
                <line number="759" hits="130" branch="false"/>
                <line number="760" hits="130" branch="false"/>
                <line number="765" hits="20" branch="false"/>
              </lines>
            </method>
            <method name=".apply_bold_manual" signature="" line-rate="1" branch-rate="0" complexity="0">
              <lines>
                <line number="769" hits="17" branch="false"/>
                <line number="770" hits="15" branch="false"/>
                <line number="772" hits="2" branch="false"/>
                <line number="773" hits="2" branch="false"/>
                <line number="774" hits="2" branch="false"/>
                <line number="775" hits="2" branch="false"/>
                <line number="776" hits="3" branch="false"/>
                <line number="777" hits="3" branch="false"/>
                <line number="778" hits="3" branch="false"/>
                <line number="779" hits="1" branch="false"/>
                <line number="780" hits="1" branch="false"/>
                <line number="781" hits="1" branch="false"/>
                <line number="782" hits="1" branch="false"/>
                <line number="784" hits="2" branch="false"/>
                <line number="785" hits="2" branch="false"/>
                <line number="786" hits="2" branch="false"/>
                <line number="787" hits="2" branch="false"/>
                <line number="790" hits="1" branch="false"/>
              </lines>
            </method>
            <method name=".apply_indentation_and_margin" signature="" line-rate="1" branch-rate="0" complexity="0">
              <lines>
                <line number="794" hits="17" branch="false"/>
                <line number="795" hits="17" branch="false"/>
                <line number="796" hits="17" branch="false"/>
                <line number="797" hits="17" branch="false"/>
                <line number="798" hits="17" branch="false"/>
                <line number="801" hits="17" branch="false"/>
                <line number="802" hits="17" branch="false"/>
                <line number="803" hits="17" branch="false"/>
                <line number="804" hits="17" branch="false"/>
                <line number="805" hits="17" branch="false"/>
                <line number="808" hits="17" branch="false"/>
                <line number="809" hits="17" branch="false"/>
                <line number="810" hits="17" branch="false"/>
                <line number="811" hits="17" branch="false"/>
                <line number="812" hits="17" branch="false"/>
                <line number="813" hits="17" branch="false"/>
                <line number="814" hits="17" branch="false"/>
                <line number="816" hits="17" branch="false"/>
              </lines>
            </method>
            <method name="word_mm_to_pt" signature="" line-rate="1" branch-rate="0" complexity="0">
              <lines>
                <line number="824" hits="120" branch="false"/>
              </lines>
            </method>
            <method name=".remove_hborder" signature="" line-rate="1" branch-rate="0" complexity="0">
              <lines>
                <line number="836" hits="42" branch="false"/>
                <line number="837" hits="21" branch="false"/>
                <line number="840" hits="42" branch="false"/>
                <line number="841" hits="21" branch="false"/>
                <line number="842" hits="21" branch="false"/>
                <line number="843" hits="21" branch="false"/>
                <line number="844" hits="21" branch="false"/>
                <line number="846" hits="42" branch="false"/>
                <line number="847" hits="42" branch="false"/>
                <line number="848" hits="42" branch="false"/>
                <line number="849" hits="42" branch="false"/>
                <line number="850" hits="42" branch="false"/>
                <line number="853" hits="42" branch="false"/>
                <line number="854" hits="21" branch="false"/>
                <line number="855" hits="21" branch="false"/>
                <line number="856" hits="21" branch="false"/>
                <line number="857" hits="21" branch="false"/>
                <line number="858" hits="21" branch="false"/>
                <line number="860" hits="42" branch="false"/>
              </lines>
            </method>
            <method name="remove_vborder" signature="" line-rate="0" branch-rate="0" complexity="0">
              <lines>
                <line number="865" hits="0" branch="false"/>
                <line number="866" hits="0" branch="false"/>
                <line number="867" hits="0" branch="false"/>
                <line number="868" hits="0" branch="false"/>
                <line number="869" hits="0" branch="false"/>
              </lines>
            </method>
            <method name=".add_hborder" signature="" line-rate="1" branch-rate="0" complexity="0">
              <lines>
                <line number="874" hits="35" branch="false"/>
                <line number="875" hits="21" branch="false"/>
                <line number="876" hits="21" branch="false"/>
                <line number="878" hits="35" branch="false"/>
                <line number="879" hits="35" branch="false"/>
                <line number="881" hits="35" branch="false"/>
              </lines>
            </method>
          </methods>
          <lines>
            <line number="116" hits="22" branch="false"/>
            <line number="117" hits="0" branch="false"/>
            <line number="119" hits="22" branch="false"/>
            <line number="120" hits="22" branch="false"/>
            <line number="121" hits="22" branch="false"/>
            <line number="122" hits="22" branch="false"/>
            <line number="123" hits="22" branch="false"/>
            <line number="124" hits="22" branch="false"/>
            <line number="125" hits="22" branch="false"/>
            <line number="126" hits="22" branch="false"/>
            <line number="127" hits="2" branch="false"/>
            <line number="130" hits="22" branch="false"/>
            <line number="133" hits="22" branch="false"/>
            <line number="136" hits="1" branch="false"/>
            <line number="139" hits="1" branch="false"/>
            <line number="142" hits="1" branch="false"/>
            <line number="145" hits="1" branch="false"/>
            <line number="146" hits="1" branch="false"/>
            <line number="147" hits="1" branch="false"/>
            <line number="148" hits="1" branch="false"/>
            <line number="149" hits="1" branch="false"/>
            <line number="152" hits="1" branch="false"/>
            <line number="153" hits="1" branch="false"/>
            <line number="154" hits="1" branch="false"/>
            <line number="155" hits="1" branch="false"/>
            <line number="156" hits="1" branch="false"/>
            <line number="157" hits="1" branch="false"/>
            <line number="158" hits="1" branch="false"/>
            <line number="159" hits="1" branch="false"/>
            <line number="160" hits="0" branch="false"/>
            <line number="161" hits="1" branch="false"/>
            <line number="163" hits="1" branch="false"/>
            <line number="164" hits="1" branch="false"/>
            <line number="165" hits="1" branch="false"/>
            <line number="166" hits="1" branch="false"/>
            <line number="168" hits="1" branch="false"/>
            <line number="169" hits="1" branch="false"/>
            <line number="170" hits="1" branch="false"/>
            <line number="171" hits="1" branch="false"/>
            <line number="172" hits="1" branch="false"/>
            <line number="173" hits="1" branch="false"/>
            <line number="174" hits="1" branch="false"/>
            <line number="175" hits="1" branch="false"/>
            <line number="176" hits="1" branch="false"/>
            <line number="177" hits="1" branch="false"/>
            <line number="178" hits="0" branch="false"/>
            <line number="179" hits="1" branch="false"/>
            <line number="180" hits="1" branch="false"/>
            <line number="181" hits="1" branch="false"/>
            <line number="182" hits="1" branch="false"/>
            <line number="183" hits="1" branch="false"/>
            <line number="184" hits="1" branch="false"/>
            <line number="185" hits="1" branch="false"/>
            <line number="186" hits="1" branch="false"/>
            <line number="187" hits="1" branch="false"/>
            <line number="188" hits="1" branch="false"/>
            <line number="192" hits="21" branch="false"/>
            <line number="193" hits="21" branch="false"/>
            <line number="194" hits="21" branch="false"/>
            <line number="195" hits="21" branch="false"/>
            <line number="196" hits="21" branch="false"/>
            <line number="197" hits="21" branch="false"/>
            <line number="200" hits="21" branch="false"/>
            <line number="201" hits="0" branch="false"/>
            <line number="203" hits="0" branch="false"/>
            <line number="204" hits="0" branch="false"/>
            <line number="205" hits="0" branch="false"/>
            <line number="209" hits="21" branch="false"/>
            <line number="212" hits="21" branch="false"/>
            <line number="214" hits="21" branch="false"/>
            <line number="216" hits="21" branch="false"/>
            <line number="219" hits="21" branch="false"/>
            <line number="222" hits="21" branch="false"/>
            <line number="223" hits="20" branch="false"/>
            <line number="224" hits="20" branch="false"/>
            <line number="225" hits="20" branch="false"/>
            <line number="226" hits="20" branch="false"/>
            <line number="227" hits="16" branch="false"/>
            <line number="228" hits="26" branch="false"/>
            <line number="229" hits="26" branch="false"/>
            <line number="231" hits="26" branch="false"/>
            <line number="232" hits="21" branch="false"/>
            <line number="233" hits="26" branch="false"/>
            <line number="234" hits="5" branch="false"/>
            <line number="235" hits="26" branch="false"/>
            <line number="238" hits="26" branch="false"/>
            <line number="239" hits="26" branch="false"/>
            <line number="240" hits="26" branch="false"/>
            <line number="241" hits="26" branch="false"/>
            <line number="242" hits="26" branch="false"/>
            <line number="245" hits="26" branch="false"/>
            <line number="248" hits="26" branch="false"/>
            <line number="249" hits="26" branch="false"/>
            <line number="250" hits="13" branch="false"/>
            <line number="251" hits="13" branch="false"/>
            <line number="252" hits="13" branch="false"/>
            <line number="253" hits="13" branch="false"/>
            <line number="254" hits="13" branch="false"/>
            <line number="255" hits="13" branch="false"/>
            <line number="256" hits="13" branch="false"/>
            <line number="257" hits="13" branch="false"/>
            <line number="258" hits="13" branch="false"/>
            <line number="259" hits="13" branch="false"/>
            <line number="260" hits="13" branch="false"/>
            <line number="261" hits="13" branch="false"/>
            <line number="265" hits="26" branch="false"/>
            <line number="266" hits="25" branch="false"/>
            <line number="267" hits="25" branch="false"/>
            <line number="268" hits="25" branch="false"/>
            <line number="269" hits="25" branch="false"/>
            <line number="270" hits="25" branch="false"/>
            <line number="272" hits="25" branch="false"/>
            <line number="273" hits="25" branch="false"/>
            <line number="280" hits="21" branch="false"/>
            <line number="282" hits="21" branch="false"/>
            <line number="283" hits="21" branch="false"/>
            <line number="284" hits="21" branch="false"/>
            <line number="285" hits="21" branch="false"/>
            <line number="286" hits="21" branch="false"/>
            <line number="287" hits="21" branch="false"/>
            <line number="288" hits="21" branch="false"/>
            <line number="291" hits="21" branch="false"/>
            <line number="292" hits="18" branch="false"/>
            <line number="293" hits="28" branch="false"/>
            <line number="294" hits="28" branch="false"/>
            <line number="295" hits="28" branch="false"/>
            <line number="296" hits="28" branch="false"/>
            <line number="297" hits="28" branch="false"/>
            <line number="298" hits="28" branch="false"/>
            <line number="299" hits="28" branch="false"/>
            <line number="304" hits="21" branch="false"/>
            <line number="305" hits="21" branch="false"/>
            <line number="308" hits="21" branch="false"/>
            <line number="309" hits="21" branch="false"/>
            <line number="310" hits="21" branch="false"/>
            <line number="313" hits="21" branch="false"/>
            <line number="314" hits="21" branch="false"/>
            <line number="315" hits="21" branch="false"/>
            <line number="318" hits="21" branch="false"/>
            <line number="319" hits="21" branch="false"/>
            <line number="321" hits="21" branch="false"/>
            <line number="323" hits="0" branch="false"/>
            <line number="327" hits="21" branch="false"/>
            <line number="328" hits="378" branch="false"/>
            <line number="329" hits="378" branch="false"/>
            <line number="330" hits="378" branch="false"/>
            <line number="331" hits="378" branch="false"/>
            <line number="332" hits="378" branch="false"/>
            <line number="333" hits="378" branch="false"/>
            <line number="338" hits="21" branch="false"/>
            <line number="339" hits="49" branch="false"/>
            <line number="340" hits="49" branch="false"/>
            <line number="341" hits="49" branch="false"/>
            <line number="348" hits="49" branch="false"/>
            <line number="349" hits="49" branch="false"/>
            <line number="350" hits="49" branch="false"/>
            <line number="351" hits="49" branch="false"/>
            <line number="352" hits="49" branch="false"/>
            <line number="353" hits="49" branch="false"/>
            <line number="357" hits="21" branch="false"/>
            <line number="358" hits="5" branch="false"/>
            <line number="359" hits="5" branch="false"/>
            <line number="363" hits="21" branch="false"/>
            <line number="364" hits="9" branch="false"/>
            <line number="365" hits="9" branch="false"/>
            <line number="369" hits="21" branch="false"/>
            <line number="372" hits="20" branch="false"/>
            <line number="373" hits="20" branch="false"/>
            <line number="376" hits="20" branch="false"/>
            <line number="378" hits="18" branch="false"/>
            <line number="382" hits="20" branch="false"/>
            <line number="383" hits="9" branch="false"/>
            <line number="384" hits="9" branch="false"/>
            <line number="385" hits="9" branch="false"/>
            <line number="386" hits="9" branch="false"/>
            <line number="387" hits="9" branch="false"/>
            <line number="391" hits="19" branch="false"/>
            <line number="393" hits="19" branch="false"/>
            <line number="396" hits="19" branch="false"/>
            <line number="397" hits="19" branch="false"/>
            <line number="398" hits="19" branch="false"/>
            <line number="399" hits="19" branch="false"/>
            <line number="400" hits="19" branch="false"/>
            <line number="401" hits="19" branch="false"/>
            <line number="402" hits="19" branch="false"/>
            <line number="403" hits="19" branch="false"/>
            <line number="406" hits="19" branch="false"/>
            <line number="408" hits="19" branch="false"/>
            <line number="414" hits="6" branch="false"/>
            <line number="415" hits="6" branch="false"/>
            <line number="416" hits="6" branch="false"/>
            <line number="417" hits="6" branch="false"/>
            <line number="418" hits="6" branch="false"/>
            <line number="421" hits="3" branch="false"/>
            <line number="422" hits="3" branch="false"/>
            <line number="423" hits="3" branch="false"/>
            <line number="424" hits="3" branch="false"/>
            <line number="428" hits="9" branch="false"/>
            <line number="430" hits="9" branch="false"/>
            <line number="431" hits="9" branch="false"/>
            <line number="433" hits="9" branch="false"/>
            <line number="434" hits="9" branch="false"/>
            <line number="435" hits="9" branch="false"/>
            <line number="436" hits="9" branch="false"/>
            <line number="437" hits="9" branch="false"/>
            <line number="438" hits="9" branch="false"/>
            <line number="439" hits="9" branch="false"/>
            <line number="440" hits="9" branch="false"/>
            <line number="442" hits="9" branch="false"/>
            <line number="443" hits="6" branch="false"/>
            <line number="444" hits="3" branch="false"/>
            <line number="445" hits="2" branch="false"/>
            <line number="446" hits="1" branch="false"/>
            <line number="448" hits="1" branch="false"/>
            <line number="451" hits="8" branch="false"/>
            <line number="455" hits="21" branch="false"/>
            <line number="456" hits="1" branch="false"/>
            <line number="459" hits="20" branch="false"/>
            <line number="461" hits="20" branch="false"/>
            <line number="462" hits="20" branch="false"/>
            <line number="463" hits="20" branch="false"/>
            <line number="464" hits="20" branch="false"/>
            <line number="465" hits="20" branch="false"/>
            <line number="468" hits="19" branch="false"/>
            <line number="472" hits="20" branch="false"/>
            <line number="473" hits="20" branch="false"/>
            <line number="474" hits="20" branch="false"/>
            <line number="476" hits="20" branch="false"/>
            <line number="481" hits="42" branch="false"/>
            <line number="484" hits="42" branch="false"/>
            <line number="485" hits="84" branch="false"/>
            <line number="486" hits="84" branch="false"/>
            <line number="487" hits="84" branch="false"/>
            <line number="488" hits="84" branch="false"/>
            <line number="489" hits="84" branch="false"/>
            <line number="490" hits="84" branch="false"/>
            <line number="491" hits="84" branch="false"/>
            <line number="492" hits="84" branch="false"/>
            <line number="493" hits="84" branch="false"/>
            <line number="496" hits="42" branch="false"/>
            <line number="567" hits="14" branch="false"/>
            <line number="568" hits="14" branch="false"/>
            <line number="569" hits="0" branch="false"/>
            <line number="570" hits="0" branch="false"/>
            <line number="571" hits="0" branch="false"/>
            <line number="572" hits="0" branch="false"/>
            <line number="573" hits="14" branch="false"/>
            <line number="574" hits="14" branch="false"/>
            <line number="575" hits="14" branch="false"/>
            <line number="576" hits="14" branch="false"/>
            <line number="577" hits="14" branch="false"/>
            <line number="578" hits="14" branch="false"/>
            <line number="579" hits="14" branch="false"/>
            <line number="580" hits="14" branch="false"/>
            <line number="581" hits="0" branch="false"/>
            <line number="582" hits="14" branch="false"/>
            <line number="583" hits="14" branch="false"/>
            <line number="586" hits="14" branch="false"/>
            <line number="587" hits="14" branch="false"/>
            <line number="588" hits="14" branch="false"/>
            <line number="591" hits="14" branch="false"/>
            <line number="592" hits="14" branch="false"/>
            <line number="593" hits="14" branch="false"/>
            <line number="596" hits="14" branch="false"/>
            <line number="599" hits="14" branch="false"/>
            <line number="600" hits="14" branch="false"/>
            <line number="601" hits="14" branch="false"/>
            <line number="603" hits="14" branch="false"/>
            <line number="604" hits="14" branch="false"/>
            <line number="606" hits="14" branch="false"/>
            <line number="607" hits="14" branch="false"/>
            <line number="608" hits="14" branch="false"/>
            <line number="609" hits="14" branch="false"/>
            <line number="612" hits="14" branch="false"/>
            <line number="613" hits="14" branch="false"/>
            <line number="614" hits="14" branch="false"/>
            <line number="615" hits="14" branch="false"/>
            <line number="616" hits="14" branch="false"/>
            <line number="617" hits="14" branch="false"/>
            <line number="618" hits="14" branch="false"/>
            <line number="619" hits="6" branch="false"/>
            <line number="621" hits="6" branch="false"/>
            <line number="622" hits="6" branch="false"/>
            <line number="623" hits="6" branch="false"/>
            <line number="624" hits="14" branch="false"/>
            <line number="626" hits="14" branch="false"/>
            <line number="629" hits="14" branch="false"/>
            <line number="630" hits="14" branch="false"/>
            <line number="631" hits="14" branch="false"/>
            <line number="633" hits="14" branch="false"/>
            <line number="634" hits="14" branch="false"/>
            <line number="635" hits="0" branch="false"/>
            <line number="636" hits="14" branch="false"/>
            <line number="637" hits="14" branch="false"/>
            <line number="638" hits="14" branch="false"/>
            <line number="639" hits="14" branch="false"/>
            <line number="640" hits="14" branch="false"/>
            <line number="641" hits="0" branch="false"/>
            <line number="642" hits="14" branch="false"/>
            <line number="643" hits="14" branch="false"/>
            <line number="644" hits="14" branch="false"/>
            <line number="646" hits="14" branch="false"/>
            <line number="647" hits="14" branch="false"/>
            <line number="648" hits="14" branch="false"/>
            <line number="651" hits="14" branch="false"/>
            <line number="653" hits="14" branch="false"/>
            <line number="654" hits="14" branch="false"/>
            <line number="667" hits="3" branch="false"/>
            <line number="668" hits="3" branch="false"/>
            <line number="669" hits="0" branch="false"/>
            <line number="670" hits="0" branch="false"/>
            <line number="671" hits="0" branch="false"/>
            <line number="672" hits="0" branch="false"/>
            <line number="673" hits="3" branch="false"/>
            <line number="674" hits="3" branch="false"/>
            <line number="675" hits="3" branch="false"/>
            <line number="676" hits="3" branch="false"/>
            <line number="677" hits="3" branch="false"/>
            <line number="678" hits="3" branch="false"/>
            <line number="679" hits="3" branch="false"/>
            <line number="680" hits="3" branch="false"/>
            <line number="683" hits="3" branch="false"/>
            <line number="684" hits="3" branch="false"/>
            <line number="685" hits="3" branch="false"/>
            <line number="686" hits="3" branch="false"/>
            <line number="689" hits="3" branch="false"/>
            <line number="690" hits="3" branch="false"/>
            <line number="691" hits="3" branch="false"/>
            <line number="694" hits="3" branch="false"/>
            <line number="696" hits="3" branch="false"/>
            <line number="697" hits="3" branch="false"/>
            <line number="698" hits="3" branch="false"/>
            <line number="699" hits="3" branch="false"/>
            <line number="700" hits="3" branch="false"/>
            <line number="701" hits="3" branch="false"/>
            <line number="702" hits="3" branch="false"/>
            <line number="703" hits="3" branch="false"/>
            <line number="704" hits="3" branch="false"/>
            <line number="705" hits="3" branch="false"/>
            <line number="706" hits="3" branch="false"/>
            <line number="707" hits="3" branch="false"/>
            <line number="708" hits="3" branch="false"/>
            <line number="709" hits="3" branch="false"/>
            <line number="710" hits="3" branch="false"/>
            <line number="711" hits="3" branch="false"/>
            <line number="712" hits="3" branch="false"/>
            <line number="713" hits="3" branch="false"/>
            <line number="714" hits="3" branch="false"/>
            <line number="716" hits="3" branch="false"/>
            <line number="717" hits="3" branch="false"/>
            <line number="722" hits="20" branch="false"/>
            <line number="723" hits="20" branch="false"/>
            <line number="725" hits="20" branch="false"/>
            <line number="726" hits="20" branch="false"/>
            <line number="727" hits="20" branch="false"/>
            <line number="728" hits="20" branch="false"/>
            <line number="729" hits="20" branch="false"/>
            <line number="730" hits="20" branch="false"/>
            <line number="731" hits="20" branch="false"/>
            <line number="732" hits="20" branch="false"/>
            <line number="733" hits="20" branch="false"/>
            <line number="734" hits="20" branch="false"/>
            <line number="735" hits="20" branch="false"/>
            <line number="736" hits="20" branch="false"/>
            <line number="737" hits="20" branch="false"/>
            <line number="738" hits="20" branch="false"/>
            <line number="739" hits="20" branch="false"/>
            <line number="740" hits="20" branch="false"/>
            <line number="741" hits="20" branch="false"/>
            <line number="742" hits="20" branch="false"/>
            <line number="745" hits="20" branch="false"/>
            <line number="746" hits="20" branch="false"/>
            <line number="747" hits="20" branch="false"/>
            <line number="748" hits="47" branch="false"/>
            <line number="749" hits="47" branch="false"/>
            <line number="750" hits="47" branch="false"/>
            <line number="751" hits="47" branch="false"/>
            <line number="753" hits="20" branch="false"/>
            <line number="754" hits="47" branch="false"/>
            <line number="755" hits="133" branch="false"/>
            <line number="756" hits="130" branch="false"/>
            <line number="757" hits="130" branch="false"/>
            <line number="758" hits="130" branch="false"/>
            <line number="759" hits="130" branch="false"/>
            <line number="760" hits="130" branch="false"/>
            <line number="765" hits="20" branch="false"/>
            <line number="769" hits="17" branch="false"/>
            <line number="770" hits="15" branch="false"/>
            <line number="772" hits="2" branch="false"/>
            <line number="773" hits="2" branch="false"/>
            <line number="774" hits="2" branch="false"/>
            <line number="775" hits="2" branch="false"/>
            <line number="776" hits="3" branch="false"/>
            <line number="777" hits="3" branch="false"/>
            <line number="778" hits="3" branch="false"/>
            <line number="779" hits="1" branch="false"/>
            <line number="780" hits="1" branch="false"/>
            <line number="781" hits="1" branch="false"/>
            <line number="782" hits="1" branch="false"/>
            <line number="784" hits="2" branch="false"/>
            <line number="785" hits="2" branch="false"/>
            <line number="786" hits="2" branch="false"/>
            <line number="787" hits="2" branch="false"/>
            <line number="790" hits="1" branch="false"/>
            <line number="794" hits="17" branch="false"/>
            <line number="795" hits="17" branch="false"/>
            <line number="796" hits="17" branch="false"/>
            <line number="797" hits="17" branch="false"/>
            <line number="798" hits="17" branch="false"/>
            <line number="801" hits="17" branch="false"/>
            <line number="802" hits="17" branch="false"/>
            <line number="803" hits="17" branch="false"/>
            <line number="804" hits="17" branch="false"/>
            <line number="805" hits="17" branch="false"/>
            <line number="808" hits="17" branch="false"/>
            <line number="809" hits="17" branch="false"/>
            <line number="810" hits="17" branch="false"/>
            <line number="811" hits="17" branch="false"/>
            <line number="812" hits="17" branch="false"/>
            <line number="813" hits="17" branch="false"/>
            <line number="814" hits="17" branch="false"/>
            <line number="816" hits="17" branch="false"/>
            <line number="824" hits="120" branch="false"/>
            <line number="836" hits="42" branch="false"/>
            <line number="837" hits="21" branch="false"/>
            <line number="840" hits="42" branch="false"/>
            <line number="841" hits="21" branch="false"/>
            <line number="842" hits="21" branch="false"/>
            <line number="843" hits="21" branch="false"/>
            <line number="844" hits="21" branch="false"/>
            <line number="846" hits="42" branch="false"/>
            <line number="847" hits="42" branch="false"/>
            <line number="848" hits="42" branch="false"/>
            <line number="849" hits="42" branch="false"/>
            <line number="850" hits="42" branch="false"/>
            <line number="853" hits="42" branch="false"/>
            <line number="854" hits="21" branch="false"/>
            <line number="855" hits="21" branch="false"/>
            <line number="856" hits="21" branch="false"/>
            <line number="857" hits="21" branch="false"/>
            <line number="858" hits="21" branch="false"/>
            <line number="860" hits="42" branch="false"/>
            <line number="865" hits="0" branch="false"/>
            <line number="866" hits="0" branch="false"/>
            <line number="867" hits="0" branch="false"/>
            <line number="868" hits="0" branch="false"/>
            <line number="869" hits="0" branch="false"/>
            <line number="874" hits="35" branch="false"/>
            <line number="875" hits="21" branch="false"/>
            <line number="876" hits="21" branch="false"/>
            <line number="878" hits="35" branch="false"/>
            <line number="879" hits="35" branch="false"/>
            <line number="881" hits="35" branch="false"/>
          </lines>
        </class>
        <class name="export_as_docx.R" filename="R/export_as_docx.R" line-rate="0.738317757009346" branch-rate="0" complexity="0">
          <methods>
            <method name="export_as_docx" signature="" line-rate="0.649350649350649" branch-rate="0" complexity="0">
              <lines>
                <line number="50" hits="4" branch="false"/>
                <line number="51" hits="3" branch="false"/>
                <line number="52" hits="3" branch="false"/>
                <line number="53" hits="3" branch="false"/>
                <line number="54" hits="3" branch="false"/>
                <line number="55" hits="3" branch="false"/>
                <line number="56" hits="3" branch="false"/>
                <line number="58" hits="3" branch="false"/>
                <line number="59" hits="3" branch="false"/>
                <line number="60" hits="3" branch="false"/>
                <line number="61" hits="0" branch="false"/>
                <line number="62" hits="3" branch="false"/>
                <line number="63" hits="3" branch="false"/>
                <line number="64" hits="3" branch="false"/>
                <line number="65" hits="3" branch="false"/>
                <line number="68" hits="3" branch="false"/>
                <line number="69" hits="3" branch="false"/>
                <line number="71" hits="1" branch="false"/>
                <line number="72" hits="1" branch="false"/>
                <line number="73" hits="0" branch="false"/>
                <line number="74" hits="0" branch="false"/>
                <line number="75" hits="0" branch="false"/>
                <line number="76" hits="0" branch="false"/>
                <line number="77" hits="0" branch="false"/>
                <line number="78" hits="0" branch="false"/>
                <line number="79" hits="0" branch="false"/>
                <line number="80" hits="0" branch="false"/>
                <line number="81" hits="0" branch="false"/>
                <line number="82" hits="0" branch="false"/>
                <line number="83" hits="0" branch="false"/>
                <line number="84" hits="0" branch="false"/>
                <line number="85" hits="0" branch="false"/>
                <line number="86" hits="0" branch="false"/>
                <line number="87" hits="0" branch="false"/>
                <line number="88" hits="0" branch="false"/>
                <line number="89" hits="0" branch="false"/>
                <line number="90" hits="0" branch="false"/>
                <line number="91" hits="0" branch="false"/>
                <line number="92" hits="0" branch="false"/>
                <line number="93" hits="0" branch="false"/>
                <line number="94" hits="0" branch="false"/>
                <line number="95" hits="0" branch="false"/>
                <line number="96" hits="0" branch="false"/>
                <line number="98" hits="0" branch="false"/>
                <line number="100" hits="0" branch="false"/>
                <line number="102" hits="4" branch="false"/>
                <line number="103" hits="1" branch="false"/>
                <line number="107" hits="4" branch="false"/>
                <line number="108" hits="2" branch="false"/>
                <line number="110" hits="2" branch="false"/>
                <line number="114" hits="4" branch="false"/>
                <line number="115" hits="4" branch="false"/>
                <line number="116" hits="1" branch="false"/>
                <line number="117" hits="1" branch="false"/>
                <line number="118" hits="1" branch="false"/>
                <line number="119" hits="1" branch="false"/>
                <line number="120" hits="1" branch="false"/>
                <line number="121" hits="1" branch="false"/>
                <line number="122" hits="1" branch="false"/>
                <line number="123" hits="1" branch="false"/>
                <line number="125" hits="1" branch="false"/>
                <line number="126" hits="1" branch="false"/>
                <line number="131" hits="4" branch="false"/>
                <line number="132" hits="3" branch="false"/>
                <line number="133" hits="3" branch="false"/>
                <line number="134" hits="3" branch="false"/>
                <line number="139" hits="4" branch="false"/>
                <line number="142" hits="4" branch="false"/>
                <line number="145" hits="3" branch="false"/>
                <line number="146" hits="3" branch="false"/>
                <line number="147" hits="2" branch="false"/>
                <line number="150" hits="3" branch="false"/>
                <line number="151" hits="2" branch="false"/>
                <line number="155" hits="4" branch="false"/>
                <line number="157" hits="3" branch="false"/>
                <line number="161" hits="4" branch="false"/>
                <line number="163" hits="4" branch="false"/>
              </lines>
            </method>
            <method name="add_text_par" signature="" line-rate="1" branch-rate="0" complexity="0">
              <lines>
                <line number="168" hits="7" branch="false"/>
                <line number="169" hits="17" branch="false"/>
                <line number="170" hits="17" branch="false"/>
                <line number="172" hits="7" branch="false"/>
              </lines>
            </method>
            <method name="section_properties_default" signature="" line-rate="1" branch-rate="0" complexity="0">
              <lines>
                <line number="183" hits="5" branch="false"/>
                <line number="184" hits="5" branch="false"/>
                <line number="185" hits="5" branch="false"/>
                <line number="186" hits="5" branch="false"/>
                <line number="187" hits="5" branch="false"/>
                <line number="188" hits="5" branch="false"/>
                <line number="189" hits="5" branch="false"/>
                <line number="190" hits="5" branch="false"/>
                <line number="191" hits="5" branch="false"/>
                <line number="192" hits="5" branch="false"/>
                <line number="194" hits="5" branch="false"/>
                <line number="195" hits="4" branch="false"/>
                <line number="196" hits="4" branch="false"/>
                <line number="197" hits="4" branch="false"/>
                <line number="198" hits="4" branch="false"/>
                <line number="200" hits="1" branch="false"/>
                <line number="201" hits="1" branch="false"/>
                <line number="202" hits="1" branch="false"/>
                <line number="203" hits="1" branch="false"/>
                <line number="207" hits="5" branch="false"/>
                <line number="208" hits="5" branch="false"/>
                <line number="209" hits="5" branch="false"/>
                <line number="210" hits="5" branch="false"/>
                <line number="211" hits="5" branch="false"/>
              </lines>
            </method>
            <method name="margins_potrait" signature="" line-rate="1" branch-rate="0" complexity="0">
              <lines>
                <line number="217" hits="5" branch="false"/>
              </lines>
            </method>
            <method name="margins_landscape" signature="" line-rate="0" branch-rate="0" complexity="0">
              <lines>
                <line number="222" hits="0" branch="false"/>
              </lines>
            </method>
          </methods>
          <lines>
            <line number="50" hits="4" branch="false"/>
            <line number="51" hits="3" branch="false"/>
            <line number="52" hits="3" branch="false"/>
            <line number="53" hits="3" branch="false"/>
            <line number="54" hits="3" branch="false"/>
            <line number="55" hits="3" branch="false"/>
            <line number="56" hits="3" branch="false"/>
            <line number="58" hits="3" branch="false"/>
            <line number="59" hits="3" branch="false"/>
            <line number="60" hits="3" branch="false"/>
            <line number="61" hits="0" branch="false"/>
            <line number="62" hits="3" branch="false"/>
            <line number="63" hits="3" branch="false"/>
            <line number="64" hits="3" branch="false"/>
            <line number="65" hits="3" branch="false"/>
            <line number="68" hits="3" branch="false"/>
            <line number="69" hits="3" branch="false"/>
            <line number="71" hits="1" branch="false"/>
            <line number="72" hits="1" branch="false"/>
            <line number="73" hits="0" branch="false"/>
            <line number="74" hits="0" branch="false"/>
            <line number="75" hits="0" branch="false"/>
            <line number="76" hits="0" branch="false"/>
            <line number="77" hits="0" branch="false"/>
            <line number="78" hits="0" branch="false"/>
            <line number="79" hits="0" branch="false"/>
            <line number="80" hits="0" branch="false"/>
            <line number="81" hits="0" branch="false"/>
            <line number="82" hits="0" branch="false"/>
            <line number="83" hits="0" branch="false"/>
            <line number="84" hits="0" branch="false"/>
            <line number="85" hits="0" branch="false"/>
            <line number="86" hits="0" branch="false"/>
            <line number="87" hits="0" branch="false"/>
            <line number="88" hits="0" branch="false"/>
            <line number="89" hits="0" branch="false"/>
            <line number="90" hits="0" branch="false"/>
            <line number="91" hits="0" branch="false"/>
            <line number="92" hits="0" branch="false"/>
            <line number="93" hits="0" branch="false"/>
            <line number="94" hits="0" branch="false"/>
            <line number="95" hits="0" branch="false"/>
            <line number="96" hits="0" branch="false"/>
            <line number="98" hits="0" branch="false"/>
            <line number="100" hits="0" branch="false"/>
            <line number="102" hits="4" branch="false"/>
            <line number="103" hits="1" branch="false"/>
            <line number="107" hits="4" branch="false"/>
            <line number="108" hits="2" branch="false"/>
            <line number="110" hits="2" branch="false"/>
            <line number="114" hits="4" branch="false"/>
            <line number="115" hits="4" branch="false"/>
            <line number="116" hits="1" branch="false"/>
            <line number="117" hits="1" branch="false"/>
            <line number="118" hits="1" branch="false"/>
            <line number="119" hits="1" branch="false"/>
            <line number="120" hits="1" branch="false"/>
            <line number="121" hits="1" branch="false"/>
            <line number="122" hits="1" branch="false"/>
            <line number="123" hits="1" branch="false"/>
            <line number="125" hits="1" branch="false"/>
            <line number="126" hits="1" branch="false"/>
            <line number="131" hits="4" branch="false"/>
            <line number="132" hits="3" branch="false"/>
            <line number="133" hits="3" branch="false"/>
            <line number="134" hits="3" branch="false"/>
            <line number="139" hits="4" branch="false"/>
            <line number="142" hits="4" branch="false"/>
            <line number="145" hits="3" branch="false"/>
            <line number="146" hits="3" branch="false"/>
            <line number="147" hits="2" branch="false"/>
            <line number="150" hits="3" branch="false"/>
            <line number="151" hits="2" branch="false"/>
            <line number="155" hits="4" branch="false"/>
            <line number="157" hits="3" branch="false"/>
            <line number="161" hits="4" branch="false"/>
            <line number="163" hits="4" branch="false"/>
            <line number="168" hits="7" branch="false"/>
            <line number="169" hits="17" branch="false"/>
            <line number="170" hits="17" branch="false"/>
            <line number="172" hits="7" branch="false"/>
            <line number="183" hits="5" branch="false"/>
            <line number="184" hits="5" branch="false"/>
            <line number="185" hits="5" branch="false"/>
            <line number="186" hits="5" branch="false"/>
            <line number="187" hits="5" branch="false"/>
            <line number="188" hits="5" branch="false"/>
            <line number="189" hits="5" branch="false"/>
            <line number="190" hits="5" branch="false"/>
            <line number="191" hits="5" branch="false"/>
            <line number="192" hits="5" branch="false"/>
            <line number="194" hits="5" branch="false"/>
            <line number="195" hits="4" branch="false"/>
            <line number="196" hits="4" branch="false"/>
            <line number="197" hits="4" branch="false"/>
            <line number="198" hits="4" branch="false"/>
            <line number="200" hits="1" branch="false"/>
            <line number="201" hits="1" branch="false"/>
            <line number="202" hits="1" branch="false"/>
            <line number="203" hits="1" branch="false"/>
            <line number="207" hits="5" branch="false"/>
            <line number="208" hits="5" branch="false"/>
            <line number="209" hits="5" branch="false"/>
            <line number="210" hits="5" branch="false"/>
            <line number="211" hits="5" branch="false"/>
            <line number="217" hits="5" branch="false"/>
            <line number="222" hits="0" branch="false"/>
          </lines>
        </class>
      </classes>
    </package>
  </packages>
</coverage>
